#
# There is insufficient memory for the Java Runtime Environment to continue.
# Native memory allocation (mmap) failed to map 66846720 bytes for committing reserved memory.
# Possible reasons:
#   The system is out of physical RAM or swap space
#   The process is running with CompressedOops enabled, and the Java Heap may be blocking the growth of the native heap
# Possible solutions:
#   Reduce memory load on the system
#   Increase physical memory or swap space
#   Check if swap backing store is full
#   Decrease Java heap size (-Xmx/-Xms)
#   Decrease number of Java threads
#   Decrease Java thread stack sizes (-Xss)
#   Set larger code cache with -XX:ReservedCodeCacheSize=
#   JVM is running with Unscaled Compressed Oops mode in which the Java heap is
#     placed in the first 4GB address space. The Java Heap base address is the
#     maximum limit for the native heap growth. Please use -XX:HeapBaseMinAddress
#     to set the Java Heap base and to place the Java Heap above 4GB virtual address.
# This output file may be truncated or incomplete.
#
#  Out of Memory Error (os_linux.cpp:2706), pid=18249, tid=18253
#
# JRE version: OpenJDK Runtime Environment (10.0.2+13) (build 10.0.2+13-Ubuntu-1ubuntu0.18.04.2)
# Java VM: OpenJDK 64-Bit Server VM (10.0.2+13-Ubuntu-1ubuntu0.18.04.2, mixed mode, tiered, compressed oops, serial gc, linux-amd64)
# Core dump will be written. Default location: Core dumps may be processed with "/usr/share/apport/apport %p %s %c %d %P" (or dumping to /home/robyj/fedora4/fcrepo4/fcrepo-webapp/core.18249)
#

---------------  S U M M A R Y ------------

Command Line: -Dmaven.multiModuleProjectDirectory=/home/robyj/fedora4/fcrepo4/fcrepo-webapp -Dmaven.home=/home/robyj/Desktop/idea-IC-182.4505.22/plugins/maven/lib/maven3 -Dclassworlds.conf=/home/robyj/Desktop/idea-IC-182.4505.22/plugins/maven/lib/maven3/bin/m2.conf -javaagent:/home/robyj/Desktop/idea-IC-182.4505.22/lib/idea_rt.jar=42713:/home/robyj/Desktop/idea-IC-182.4505.22/bin -Dfile.encoding=UTF-8 org.codehaus.classworlds.Launcher -Didea.version=2018.2.4 jetty:run -Dfcrepo.log=DEBUG -Dfcrepo.log.auth=DEBUG

Host: Intel(R) Core(TM) i7-7700HQ CPU @ 2.80GHz, 1 cores, 1G, Ubuntu 18.04.1 LTS
Time: Thu Oct  4 11:32:30 2018 CDT elapsed time: 362 seconds (0d 0h 6m 2s)

---------------  T H R E A D  ---------------

Current thread (0x00007fe6380a9000):  VMThread "VM Thread" [stack: 0x00007fe63c359000,0x00007fe63c459000] [id=18253]

Stack: [0x00007fe63c359000,0x00007fe63c459000],  sp=0x00007fe63c457240,  free space=1016k
Native frames: (J=compiled Java code, A=aot compiled Java code, j=interpreted, Vv=VM code, C=native code)
V  [libjvm.so+0xd27e04]
V  [libjvm.so+0xd289ab]
V  [libjvm.so+0x64d415]
V  [libjvm.so+0xb2d5d2]
V  [libjvm.so+0xb25caf]
V  [libjvm.so+0xd1fc17]
V  [libjvm.so+0x525a41]
V  [libjvm.so+0x525be4]
V  [libjvm.so+0xcb9f77]
V  [libjvm.so+0x526399]
V  [libjvm.so+0x7936b0]
V  [libjvm.so+0x5d7778]
V  [libjvm.so+0xd2906f]
V  [libjvm.so+0xd387d1]
V  [libjvm.so+0xd35a9b]
V  [libjvm.so+0xd370be]
V  [libjvm.so+0xd374e8]
V  [libjvm.so+0xb33ca0]

VM_Operation (0x00007fe640f03550): GenCollectForAllocation, mode: safepoint, requested by thread 0x00007fe638012800


---------------  P R O C E S S  ---------------

Threads class SMR info:
_java_thread_list=0x00007fe604026be0, length=15, elements={
0x00007fe638012800, 0x00007fe6380b3000, 0x00007fe6380b5000, 0x00007fe6380be000,
0x00007fe6380c8800, 0x00007fe6380ca800, 0x00007fe6380cc800, 0x00007fe63814d800,
0x00007fe6381c1000, 0x00007fe6381c2000, 0x00007fe6395e3800, 0x00007fe6395e4800,
0x00007fe6395a4000, 0x00007fe6395a4800, 0x00007fe6395ba000
}

Java Threads: ( => current thread )
  0x00007fe638012800 JavaThread "main" [_thread_blocked, id=18252, stack(0x00007fe640e07000,0x00007fe640f08000)]
  0x00007fe6380b3000 JavaThread "Reference Handler" daemon [_thread_blocked, id=18254, stack(0x00007fe63c256000,0x00007fe63c357000)]
  0x00007fe6380b5000 JavaThread "Finalizer" daemon [_thread_blocked, id=18255, stack(0x00007fe63c155000,0x00007fe63c256000)]
  0x00007fe6380be000 JavaThread "Signal Dispatcher" daemon [_thread_blocked, id=18258, stack(0x00007fe63c054000,0x00007fe63c155000)]
  0x00007fe6380c8800 JavaThread "C2 CompilerThread0" daemon [_thread_blocked, id=18259, stack(0x00007fe61f747000,0x00007fe61f848000)]
  0x00007fe6380ca800 JavaThread "C1 CompilerThread1" daemon [_thread_blocked, id=18260, stack(0x00007fe61f646000,0x00007fe61f747000)]
  0x00007fe6380cc800 JavaThread "Sweeper thread" daemon [_thread_blocked, id=18261, stack(0x00007fe61f545000,0x00007fe61f646000)]
  0x00007fe63814d800 JavaThread "Common-Cleaner" daemon [_thread_blocked, id=18262, stack(0x00007fe61f444000,0x00007fe61f545000)]
  0x00007fe6381c1000 JavaThread "Monitor Ctrl-Break" daemon [_thread_in_native, id=18263, stack(0x00007fe61ef19000,0x00007fe61f01a000)]
  0x00007fe6381c2000 JavaThread "Service Thread" daemon [_thread_blocked, id=18264, stack(0x00007fe61ee18000,0x00007fe61ef19000)]
  0x00007fe6395e3800 JavaThread "resolver-1" daemon [_thread_blocked, id=18378, stack(0x00007fe61cdec000,0x00007fe61ceed000)]
  0x00007fe6395e4800 JavaThread "resolver-2" daemon [_thread_blocked, id=18379, stack(0x00007fe61d512000,0x00007fe61d613000)]
  0x00007fe6395a4000 JavaThread "resolver-3" daemon [_thread_blocked, id=18380, stack(0x00007fe61d813000,0x00007fe61d914000)]
  0x00007fe6395a4800 JavaThread "resolver-4" daemon [_thread_blocked, id=18381, stack(0x00007fe61c8eb000,0x00007fe61c9ec000)]
  0x00007fe6395ba000 JavaThread "resolver-5" daemon [_thread_blocked, id=18382, stack(0x00007fe61c7ea000,0x00007fe61c8eb000)]

Other Threads:
=>0x00007fe6380a9000 VMThread "VM Thread" [stack: 0x00007fe63c359000,0x00007fe63c459000] [id=18253]
  0x00007fe6381be800 WatcherThread [stack: 0x00007fe61ed18000,0x00007fe61ee18000] [id=18265]

Threads with active compile tasks:
C2 CompilerThread05916       4       org.apache.maven.model.inheritance.DefaultInheritanceAssembler$InheritanceModelMerger::mergePluginContainer_Plugins (430 bytes)
C1 CompilerThread15933       2       sun.util.locale.LocaleUtils::isAlphaNumeric (20 bytes)

VM state:at safepoint (normal execution)

VM Mutex/Monitor currently owned by a thread:  ([mutex/lock_event])
[0x00007fe63800ed20] Threads_lock - owner thread: 0x00007fe6380a9000
[0x00007fe63800f2c0] Heap_lock - owner thread: 0x00007fe638012800

Heap address: 0x00000000e0c00000, size: 500 MB, Compressed Oops mode: 32-bit
Narrow klass base: 0x0000000000000000, Narrow klass shift: 3
Compressed class space size: 1073741824 Address: 0x0000000100000000

Heap:
 def new generation   total 43456K, used 4719K [0x00000000e0c00000, 0x00000000e3b20000, 0x00000000eb2a0000)
  eden space 38656K,  12% used [0x00000000e0c00000, 0x00000000e109bc38, 0x00000000e31c0000)
  from space 4800K,   0% used [0x00000000e31c0000, 0x00000000e31c0000, 0x00000000e3670000)
  to   space 4800K,   0% used [0x00000000e3670000, 0x00000000e3670000, 0x00000000e3b20000)
 tenured generation   total 97916K, used 97915K [0x00000000eb2a0000, 0x00000000f123f000, 0x0000000100000000)
   the space 97916K,  99% used [0x00000000eb2a0000, 0x00000000f123efe8, 0x00000000f123f000, 0x00000000f123f000)
 Metaspace       used 35022K, capacity 35784K, committed 36096K, reserved 1081344K
  class space    used 3494K, capacity 3779K, committed 3840K, reserved 1048576K

Card table byte_map: [0x00007fe63cd2a000,0x00007fe63ce25000] byte_map_base: 0x00007fe63c624000

Polling page: 0x00007fe640f20000

CodeHeap 'non-profiled nmethods': size=120036Kb used=2678Kb max_used=2678Kb free=117357Kb
 bounds [0x00007fe6275ed000, 0x00007fe62789d000, 0x00007fe62eb26000]
CodeHeap 'profiled nmethods': size=120032Kb used=11825Kb max_used=12058Kb free=108206Kb
 bounds [0x00007fe6200b5000, 0x00007fe620ca5000, 0x00007fe6275ed000]
CodeHeap 'non-nmethods': size=5692Kb used=1120Kb max_used=1166Kb free=4571Kb
 bounds [0x00007fe61fb26000, 0x00007fe61fd96000, 0x00007fe6200b5000]
 total_blobs=7151 nmethods=5292 adapters=381
 compilation: enabled

Compilation events (10 events):
Event: 336.997 Thread 0x00007fe6380ca800 nmethod 5924 0x00007fe6202a2190 code [0x00007fe6202a2360, 0x00007fe6202a2548]
Event: 337.144 Thread 0x00007fe6380c8800 nmethod 5917 0x00007fe62771ad10 code [0x00007fe62771af00, 0x00007fe62771bc18]
Event: 337.144 Thread 0x00007fe6380c8800 5919       4       java.lang.Long::stringSize (55 bytes)
Event: 337.226 Thread 0x00007fe6380ca800 5925       1       java.util.Collections$EmptyMap::containsKey (2 bytes)
Event: 337.226 Thread 0x00007fe6380ca800 nmethod 5925 0x00007fe62764fd10 code [0x00007fe62764fec0, 0x00007fe62764ffd0]
Event: 340.642 Thread 0x00007fe6380c8800 nmethod 5919 0x00007fe62766e510 code [0x00007fe62766e6a0, 0x00007fe62766e858]
Event: 340.685 Thread 0x00007fe6380c8800 5916       4       org.apache.maven.model.inheritance.DefaultInheritanceAssembler$InheritanceModelMerger::mergePluginContainer_Plugins (430 bytes)
Event: 346.488 Thread 0x00007fe6380ca800 5931   !   3       org.apache.maven.project.DefaultProjectBuilder::initProject (1316 bytes)
Event: 349.759 Thread 0x00007fe6380ca800 nmethod 5931 0x00007fe620c82d10 code [0x00007fe620c840e0, 0x00007fe620c919b8]
Event: 349.909 Thread 0x00007fe6380ca800 5933       2       sun.util.locale.LocaleUtils::isAlphaNumeric (20 bytes)

GC Heap History (10 events):
Event: 319.973 GC heap after
{Heap after GC invocations=118 (full 4):
 def new generation   total 43456K, used 4800K [0x00000000e0c00000, 0x00000000e3b20000, 0x00000000eb2a0000)
  eden space 38656K,   0% used [0x00000000e0c00000, 0x00000000e0c00000, 0x00000000e31c0000)
  from space 4800K, 100% used [0x00000000e3670000, 0x00000000e3b20000, 0x00000000e3b20000)
  to   space 4800K,   0% used [0x00000000e31c0000, 0x00000000e31c0000, 0x00000000e3670000)
 tenured generation   total 96380K, used 60678K [0x00000000eb2a0000, 0x00000000f10bf000, 0x0000000100000000)
   the space 96380K,  62% used [0x00000000eb2a0000, 0x00000000eede1a40, 0x00000000eede1c00, 0x00000000f10bf000)
 Metaspace       used 35020K, capacity 35784K, committed 36096K, reserved 1081344K
  class space    used 3494K, capacity 3779K, committed 3840K, reserved 1048576K
}
Event: 322.659 GC heap before
{Heap before GC invocations=118 (full 4):
 def new generation   total 43456K, used 43456K [0x00000000e0c00000, 0x00000000e3b20000, 0x00000000eb2a0000)
  eden space 38656K, 100% used [0x00000000e0c00000, 0x00000000e31c0000, 0x00000000e31c0000)
  from space 4800K, 100% used [0x00000000e3670000, 0x00000000e3b20000, 0x00000000e3b20000)
  to   space 4800K,   0% used [0x00000000e31c0000, 0x00000000e31c0000, 0x00000000e3670000)
 tenured generation   total 96380K, used 60678K [0x00000000eb2a0000, 0x00000000f10bf000, 0x0000000100000000)
   the space 96380K,  62% used [0x00000000eb2a0000, 0x00000000eede1a40, 0x00000000eede1c00, 0x00000000f10bf000)
 Metaspace       used 35020K, capacity 35784K, committed 36096K, reserved 1081344K
  class space    used 3494K, capacity 3779K, committed 3840K, reserved 1048576K
}
Event: 324.011 GC heap after
{Heap after GC invocations=119 (full 4):
 def new generation   total 43456K, used 4800K [0x00000000e0c00000, 0x00000000e3b20000, 0x00000000eb2a0000)
  eden space 38656K,   0% used [0x00000000e0c00000, 0x00000000e0c00000, 0x00000000e31c0000)
  from space 4800K, 100% used [0x00000000e31c0000, 0x00000000e3670000, 0x00000000e3670000)
  to   space 4800K,   0% used [0x00000000e3670000, 0x00000000e3670000, 0x00000000e3b20000)
 tenured generation   total 96380K, used 68556K [0x00000000eb2a0000, 0x00000000f10bf000, 0x0000000100000000)
   the space 96380K,  71% used [0x00000000eb2a0000, 0x00000000ef5932c0, 0x00000000ef593400, 0x00000000f10bf000)
 Metaspace       used 35020K, capacity 35784K, committed 36096K, reserved 1081344K
  class space    used 3494K, capacity 3779K, committed 3840K, reserved 1048576K
}
Event: 326.705 GC heap before
{Heap before GC invocations=119 (full 4):
 def new generation   total 43456K, used 43455K [0x00000000e0c00000, 0x00000000e3b20000, 0x00000000eb2a0000)
  eden space 38656K,  99% used [0x00000000e0c00000, 0x00000000e31bfec8, 0x00000000e31c0000)
  from space 4800K, 100% used [0x00000000e31c0000, 0x00000000e3670000, 0x00000000e3670000)
  to   space 4800K,   0% used [0x00000000e3670000, 0x00000000e3670000, 0x00000000e3b20000)
 tenured generation   total 96380K, used 68556K [0x00000000eb2a0000, 0x00000000f10bf000, 0x0000000100000000)
   the space 96380K,  71% used [0x00000000eb2a0000, 0x00000000ef5932c0, 0x00000000ef593400, 0x00000000f10bf000)
 Metaspace       used 35020K, capacity 35784K, committed 36096K, reserved 1081344K
  class space    used 3494K, capacity 3779K, committed 3840K, reserved 1048576K
}
Event: 327.673 GC heap after
{Heap after GC invocations=120 (full 4):
 def new generation   total 43456K, used 4800K [0x00000000e0c00000, 0x00000000e3b20000, 0x00000000eb2a0000)
  eden space 38656K,   0% used [0x00000000e0c00000, 0x00000000e0c00000, 0x00000000e31c0000)
  from space 4800K, 100% used [0x00000000e3670000, 0x00000000e3b20000, 0x00000000e3b20000)
  to   space 4800K,   0% used [0x00000000e31c0000, 0x00000000e31c0000, 0x00000000e3670000)
 tenured generation   total 96380K, used 75664K [0x00000000eb2a0000, 0x00000000f10bf000, 0x0000000100000000)
   the space 96380K,  78% used [0x00000000eb2a0000, 0x00000000efc843a8, 0x00000000efc84400, 0x00000000f10bf000)
 Metaspace       used 35020K, capacity 35784K, committed 36096K, reserved 1081344K
  class space    used 3494K, capacity 3779K, committed 3840K, reserved 1048576K
}
Event: 330.796 GC heap before
{Heap before GC invocations=120 (full 4):
 def new generation   total 43456K, used 43456K [0x00000000e0c00000, 0x00000000e3b20000, 0x00000000eb2a0000)
  eden space 38656K, 100% used [0x00000000e0c00000, 0x00000000e31c0000, 0x00000000e31c0000)
  from space 4800K, 100% used [0x00000000e3670000, 0x00000000e3b20000, 0x00000000e3b20000)
  to   space 4800K,   0% used [0x00000000e31c0000, 0x00000000e31c0000, 0x00000000e3670000)
 tenured generation   total 96380K, used 75664K [0x00000000eb2a0000, 0x00000000f10bf000, 0x0000000100000000)
   the space 96380K,  78% used [0x00000000eb2a0000, 0x00000000efc843a8, 0x00000000efc84400, 0x00000000f10bf000)
 Metaspace       used 35021K, capacity 35784K, committed 36096K, reserved 1081344K
  class space    used 3494K, capacity 3779K, committed 3840K, reserved 1048576K
}
Event: 331.650 GC heap after
{Heap after GC invocations=121 (full 4):
 def new generation   total 43456K, used 4800K [0x00000000e0c00000, 0x00000000e3b20000, 0x00000000eb2a0000)
  eden space 38656K,   0% used [0x00000000e0c00000, 0x00000000e0c00000, 0x00000000e31c0000)
  from space 4800K, 100% used [0x00000000e31c0000, 0x00000000e3670000, 0x00000000e3670000)
  to   space 4800K,   0% used [0x00000000e3670000, 0x00000000e3670000, 0x00000000e3b20000)
 tenured generation   total 96380K, used 82975K [0x00000000eb2a0000, 0x00000000f10bf000, 0x0000000100000000)
   the space 96380K,  86% used [0x00000000eb2a0000, 0x00000000f03a7ec8, 0x00000000f03a8000, 0x00000000f10bf000)
 Metaspace       used 35021K, capacity 35784K, committed 36096K, reserved 1081344K
  class space    used 3494K, capacity 3779K, committed 3840K, reserved 1048576K
}
Event: 337.327 GC heap before
{Heap before GC invocations=121 (full 4):
 def new generation   total 43456K, used 43444K [0x00000000e0c00000, 0x00000000e3b20000, 0x00000000eb2a0000)
  eden space 38656K,  99% used [0x00000000e0c00000, 0x00000000e31bd320, 0x00000000e31c0000)
  from space 4800K, 100% used [0x00000000e31c0000, 0x00000000e3670000, 0x00000000e3670000)
  to   space 4800K,   0% used [0x00000000e3670000, 0x00000000e3670000, 0x00000000e3b20000)
 tenured generation   total 96380K, used 82975K [0x00000000eb2a0000, 0x00000000f10bf000, 0x0000000100000000)
   the space 96380K,  86% used [0x00000000eb2a0000, 0x00000000f03a7ec8, 0x00000000f03a8000, 0x00000000f10bf000)
 Metaspace       used 35021K, capacity 35784K, committed 36096K, reserved 1081344K
  class space    used 3494K, capacity 3779K, committed 3840K, reserved 1048576K
}
Event: 338.909 GC heap after
{Heap after GC invocations=122 (full 4):
 def new generation   total 43456K, used 4800K [0x00000000e0c00000, 0x00000000e3b20000, 0x00000000eb2a0000)
  eden space 38656K,   0% used [0x00000000e0c00000, 0x00000000e0c00000, 0x00000000e31c0000)
  from space 4800K, 100% used [0x00000000e3670000, 0x00000000e3b20000, 0x00000000e3b20000)
  to   space 4800K,   0% used [0x00000000e31c0000, 0x00000000e31c0000, 0x00000000e3670000)
 tenured generation   total 96380K, used 90340K [0x00000000eb2a0000, 0x00000000f10bf000, 0x0000000100000000)
   the space 96380K,  93% used [0x00000000eb2a0000, 0x00000000f0ad9320, 0x00000000f0ad9400, 0x00000000f10bf000)
 Metaspace       used 35021K, capacity 35784K, committed 36096K, reserved 1081344K
  class space    used 3494K, capacity 3779K, committed 3840K, reserved 1048576K
}
Event: 350.661 GC heap before
{Heap before GC invocations=122 (full 4):
 def new generation   total 43456K, used 43456K [0x00000000e0c00000, 0x00000000e3b20000, 0x00000000eb2a0000)
  eden space 38656K, 100% used [0x00000000e0c00000, 0x00000000e31c0000, 0x00000000e31c0000)
  from space 4800K, 100% used [0x00000000e3670000, 0x00000000e3b20000, 0x00000000e3b20000)
  to   space 4800K,   0% used [0x00000000e31c0000, 0x00000000e31c0000, 0x00000000e3670000)
 tenured generation   total 96380K, used 90340K [0x00000000eb2a0000, 0x00000000f10bf000, 0x0000000100000000)
   the space 96380K,  93% used [0x00000000eb2a0000, 0x00000000f0ad9320, 0x00000000f0ad9400, 0x00000000f10bf000)
 Metaspace       used 35022K, capacity 35784K, committed 36096K, reserved 1081344K
  class space    used 3494K, capacity 3779K, committed 3840K, reserved 1048576K
}

Deoptimization events (10 events):
Event: 286.998 Thread 0x00007fe638012800 Uncommon trap: reason=class_check action=maybe_recompile pc=0x00007fe6277a3b70 method=java.util.Hashtable.get(Ljava/lang/Object;)Ljava/lang/Object; @ 6 c2
Event: 286.999 Thread 0x00007fe638012800 Uncommon trap: reason=class_check action=maybe_recompile pc=0x00007fe6277a3b70 method=java.util.Hashtable.get(Ljava/lang/Object;)Ljava/lang/Object; @ 6 c2
Event: 287.007 Thread 0x00007fe638012800 Uncommon trap: reason=class_check action=maybe_recompile pc=0x00007fe6277fa974 method=java.util.regex.Pattern$Branch.match(Ljava/util/regex/Matcher;ILjava/lang/CharSequence;)Z @ 50 c2
Event: 287.007 Thread 0x00007fe638012800 Uncommon trap: reason=class_check action=maybe_recompile pc=0x00007fe6277fa974 method=java.util.regex.Pattern$Branch.match(Ljava/util/regex/Matcher;ILjava/lang/CharSequence;)Z @ 50 c2
Event: 287.007 Thread 0x00007fe638012800 Uncommon trap: reason=class_check action=maybe_recompile pc=0x00007fe6277fa974 method=java.util.regex.Pattern$Branch.match(Ljava/util/regex/Matcher;ILjava/lang/CharSequence;)Z @ 50 c2
Event: 287.007 Thread 0x00007fe638012800 Uncommon trap: reason=class_check action=maybe_recompile pc=0x00007fe6277fa974 method=java.util.regex.Pattern$Branch.match(Ljava/util/regex/Matcher;ILjava/lang/CharSequence;)Z @ 50 c2
Event: 287.020 Thread 0x00007fe638012800 Uncommon trap: reason=unstable_if action=reinterpret pc=0x00007fe627650d9c method=java.lang.CharacterDataLatin1.isWhitespace(I)Z @ 14 c2
Event: 287.668 Thread 0x00007fe638012800 Uncommon trap: reason=unstable_if action=reinterpret pc=0x00007fe627673ae8 method=java.util.LinkedHashMap.get(Ljava/lang/Object;)Ljava/lang/Object; @ 20 c2
Event: 299.176 Thread 0x00007fe6395e3800 Uncommon trap: reason=class_check action=maybe_recompile pc=0x00007fe6277a24d4 method=java.util.concurrent.ConcurrentHashMap.putVal(Ljava/lang/Object;Ljava/lang/Object;Z)Ljava/lang/Object; @ 159 c2
Event: 299.176 Thread 0x00007fe6395e3800 Uncommon trap: reason=class_check action=maybe_recompile pc=0x00007fe6277a24d4 method=java.util.concurrent.ConcurrentHashMap.putVal(Ljava/lang/Object;Ljava/lang/Object;Z)Ljava/lang/Object; @ 159 c2

Classes redefined (0 events):
No events

Internal exceptions (10 events):
Event: 271.081 Thread 0x00007fe638e53800 Exception <a 'java/lang/InterruptedException'{0x00000000e0ea70d0}: sleep interrupted> (0x00000000e0ea70d0) thrown at [/build/openjdk-lts-xioZJb/openjdk-lts-10.0.2+13/src/hotspot/share/prims/jvm.cpp, line 3062]
Event: 271.245 Thread 0x00007fe638012800 Exception <a 'java/lang/NoSuchMethodError'{0x00000000e17bfce8}: java.lang.invoke.DirectMethodHandle$Holder.invokeInterface(Ljava/lang/Object;Ljava/lang/Object;)Ljava/lang/Object;> (0x00000000e17bfce8) thrown at [/build/openjdk-lts-xioZJb/openjdk-lts-10.0.
Event: 277.544 Thread 0x00007fe638e53800 Exception <a 'java/lang/InterruptedException'{0x00000000e0e1f390}: sleep interrupted> (0x00000000e0e1f390) thrown at [/build/openjdk-lts-xioZJb/openjdk-lts-10.0.2+13/src/hotspot/share/prims/jvm.cpp, line 3062]
Event: 282.908 Thread 0x00007fe638012800 Implicit null exception at 0x00007fe6277f90bf to 0x00007fe6277f9936
Event: 283.675 Thread 0x00007fe638012800 Exception <a 'java/lang/NoSuchMethodError'{0x00000000e11d5c30}: method resolution failed> (0x00000000e11d5c30) thrown at [/build/openjdk-lts-xioZJb/openjdk-lts-10.0.2+13/src/hotspot/share/prims/methodHandles.cpp, line 1226]
Event: 283.675 Thread 0x00007fe638012800 Exception <a 'java/lang/NoSuchMethodError'{0x00000000e11d9308}: java.lang.invoke.DirectMethodHandle$Holder.invokeStaticInit(Ljava/lang/Object;Ljava/lang/Object;JLjava/lang/Object;)Ljava/lang/Object;> (0x00000000e11d9308) thrown at [/build/openjdk-lts-xioZ
Event: 283.696 Thread 0x00007fe638012800 Exception <a 'java/lang/NoSuchMethodError'{0x00000000e11df3b0}: method resolution failed> (0x00000000e11df3b0) thrown at [/build/openjdk-lts-xioZJb/openjdk-lts-10.0.2+13/src/hotspot/share/prims/methodHandles.cpp, line 1226]
Event: 283.698 Thread 0x00007fe638012800 Exception <a 'java/lang/NoSuchMethodError'{0x00000000e11e3000}: method resolution failed> (0x00000000e11e3000) thrown at [/build/openjdk-lts-xioZJb/openjdk-lts-10.0.2+13/src/hotspot/share/prims/methodHandles.cpp, line 1226]
Event: 283.744 Thread 0x00007fe638012800 Exception <a 'java/lang/NoSuchMethodError'{0x00000000e11ed2d8}: java.lang.invoke.DirectMethodHandle$Holder.invokeStatic(Ljava/lang/Object;Ljava/lang/Object;Ljava/lang/Object;I)Ljava/lang/Object;> (0x00000000e11ed2d8) thrown at [/build/openjdk-lts-xioZJb/o
Event: 283.750 Thread 0x00007fe638012800 Exception <a 'java/lang/NoSuchMethodError'{0x00000000e11f1128}: java.lang.invoke.DirectMethodHandle$Holder.invokeSpecial(Ljava/lang/Object;Ljava/lang/Object;Ljava/lang/Object;Ljava/lang/Object;I)Ljava/lang/Object;> (0x00000000e11f1128) thrown at [/build/o

Events (10 events):
Event: 327.686 Thread 0x00007fe638012800 DEOPT PACKING pc=0x00007fe6206b2ee6 sp=0x00007fe640f04300
Event: 327.686 Thread 0x00007fe638012800 DEOPT UNPACKING pc=0x00007fe61fb4d63a sp=0x00007fe640f03870 mode 0
Event: 330.796 Executing VM operation: GenCollectForAllocation
Event: 331.686 Executing VM operation: GenCollectForAllocation done
Event: 337.286 Executing VM operation: GenCollectForAllocation
Event: 339.010 Executing VM operation: GenCollectForAllocation done
Event: 344.183 Thread 0x00007fe6391bd000 Thread exited: 0x00007fe6391bd000
Event: 346.498 Thread 0x00007fe638012800 DEOPT PACKING pc=0x00007fe6204aec2a sp=0x00007fe640f04410
Event: 346.498 Thread 0x00007fe638012800 DEOPT UNPACKING pc=0x00007fe61fb4d63a sp=0x00007fe640f03b30 mode 0
Event: 350.589 Executing VM operation: GenCollectForAllocation


Dynamic libraries:
e0c00000-e3b20000 rw-p 00000000 00:00 0 
e3b20000-eb2a0000 ---p 00000000 00:00 0 
eb2a0000-f123f000 rw-p 00000000 00:00 0 
f51ff000-100000000 ---p 00000000 00:00 0 
100000000-1003c0000 rw-p 00000000 00:00 0 
1003c0000-140000000 ---p 00000000 00:00 0 
562f669a7000-562f669a8000 r-xp 00000000 08:01 2375289                    /usr/lib/jvm/java-11-openjdk-amd64/bin/java
562f66ba8000-562f66ba9000 r--p 00001000 08:01 2375289                    /usr/lib/jvm/java-11-openjdk-amd64/bin/java
562f66ba9000-562f66baa000 rw-p 00002000 08:01 2375289                    /usr/lib/jvm/java-11-openjdk-amd64/bin/java
562f67d95000-562f67db6000 rw-p 00000000 00:00 0                          [heap]
7fe600000000-7fe600ca2000 rw-p 00000000 00:00 0 
7fe600ca2000-7fe604000000 ---p 00000000 00:00 0 
7fe604000000-7fe60402a000 rw-p 00000000 00:00 0 
7fe60402a000-7fe608000000 ---p 00000000 00:00 0 
7fe608000000-7fe608021000 rw-p 00000000 00:00 0 
7fe608021000-7fe60c000000 ---p 00000000 00:00 0 
7fe60c000000-7fe60daca000 rw-p 00000000 00:00 0 
7fe60daca000-7fe610000000 ---p 00000000 00:00 0 
7fe610000000-7fe610021000 rw-p 00000000 00:00 0 
7fe610021000-7fe614000000 ---p 00000000 00:00 0 
7fe614000000-7fe614021000 rw-p 00000000 00:00 0 
7fe614021000-7fe618000000 ---p 00000000 00:00 0 
7fe618000000-7fe618108000 rw-p 00000000 00:00 0 
7fe618108000-7fe61c000000 ---p 00000000 00:00 0 
7fe61c7ea000-7fe61c7ee000 ---p 00000000 00:00 0 
7fe61c7ee000-7fe61c8eb000 rw-p 00000000 00:00 0 
7fe61c8eb000-7fe61c8ef000 ---p 00000000 00:00 0 
7fe61c8ef000-7fe61cb6c000 rw-p 00000000 00:00 0 
7fe61cb6c000-7fe61cbec000 ---p 00000000 00:00 0 
7fe61cbec000-7fe61cdec000 rw-p 00000000 00:00 0 
7fe61cdec000-7fe61cdf0000 ---p 00000000 00:00 0 
7fe61cdf0000-7fe61ceed000 rw-p 00000000 00:00 0 
7fe61ceed000-7fe61cf04000 r-xp 00000000 08:01 537713                     /lib/x86_64-linux-gnu/libresolv-2.27.so
7fe61cf04000-7fe61d104000 ---p 00017000 08:01 537713                     /lib/x86_64-linux-gnu/libresolv-2.27.so
7fe61d104000-7fe61d105000 r--p 00017000 08:01 537713                     /lib/x86_64-linux-gnu/libresolv-2.27.so
7fe61d105000-7fe61d106000 rw-p 00018000 08:01 537713                     /lib/x86_64-linux-gnu/libresolv-2.27.so
7fe61d106000-7fe61d108000 rw-p 00000000 00:00 0 
7fe61d108000-7fe61d10d000 r-xp 00000000 08:01 533076                     /lib/x86_64-linux-gnu/libnss_dns-2.27.so
7fe61d10d000-7fe61d30d000 ---p 00005000 08:01 533076                     /lib/x86_64-linux-gnu/libnss_dns-2.27.so
7fe61d30d000-7fe61d30e000 r--p 00005000 08:01 533076                     /lib/x86_64-linux-gnu/libnss_dns-2.27.so
7fe61d30e000-7fe61d30f000 rw-p 00006000 08:01 533076                     /lib/x86_64-linux-gnu/libnss_dns-2.27.so
7fe61d30f000-7fe61d311000 r-xp 00000000 08:01 529081                     /lib/x86_64-linux-gnu/libnss_mdns4_minimal.so.2
7fe61d311000-7fe61d510000 ---p 00002000 08:01 529081                     /lib/x86_64-linux-gnu/libnss_mdns4_minimal.so.2
7fe61d510000-7fe61d511000 r--p 00001000 08:01 529081                     /lib/x86_64-linux-gnu/libnss_mdns4_minimal.so.2
7fe61d511000-7fe61d512000 rw-p 00002000 08:01 529081                     /lib/x86_64-linux-gnu/libnss_mdns4_minimal.so.2
7fe61d512000-7fe61d516000 ---p 00000000 00:00 0 
7fe61d516000-7fe61d813000 rw-p 00000000 00:00 0 
7fe61d813000-7fe61d817000 ---p 00000000 00:00 0 
7fe61d817000-7fe61db14000 rw-p 00000000 00:00 0 
7fe61db14000-7fe61dd14000 rw-p 00000000 00:00 0 
7fe61dd14000-7fe61df14000 rw-p 00000000 00:00 0 
7fe61df14000-7fe61e114000 rw-p 00000000 00:00 0 
7fe61e114000-7fe61e314000 rw-p 00000000 00:00 0 
7fe61e314000-7fe61e514000 rw-p 00000000 00:00 0 
7fe61e514000-7fe61e714000 rw-p 00000000 00:00 0 
7fe61e714000-7fe61e914000 rw-p 00000000 00:00 0 
7fe61e914000-7fe61eb14000 rw-p 00000000 00:00 0 
7fe61eb14000-7fe61eb15000 r-xp 00000000 08:01 2375332                    /usr/lib/jvm/java-11-openjdk-amd64/lib/libextnet.so
7fe61eb15000-7fe61ed14000 ---p 00001000 08:01 2375332                    /usr/lib/jvm/java-11-openjdk-amd64/lib/libextnet.so
7fe61ed14000-7fe61ed15000 r--p 00000000 08:01 2375332                    /usr/lib/jvm/java-11-openjdk-amd64/lib/libextnet.so
7fe61ed15000-7fe61ed16000 rw-p 00001000 08:01 2375332                    /usr/lib/jvm/java-11-openjdk-amd64/lib/libextnet.so
7fe61ed16000-7fe61ed17000 ---p 00000000 00:00 0 
7fe61ed17000-7fe61ee18000 rw-p 00000000 00:00 0 
7fe61ee18000-7fe61ee1c000 ---p 00000000 00:00 0 
7fe61ee1c000-7fe61ef19000 rw-p 00000000 00:00 0 
7fe61ef19000-7fe61ef1d000 ---p 00000000 00:00 0 
7fe61ef1d000-7fe61f01a000 rw-p 00000000 00:00 0 
7fe61f01a000-7fe61f031000 r-xp 00000000 08:01 2375351                    /usr/lib/jvm/java-11-openjdk-amd64/lib/libnet.so
7fe61f031000-7fe61f230000 ---p 00017000 08:01 2375351                    /usr/lib/jvm/java-11-openjdk-amd64/lib/libnet.so
7fe61f230000-7fe61f231000 r--p 00016000 08:01 2375351                    /usr/lib/jvm/java-11-openjdk-amd64/lib/libnet.so
7fe61f231000-7fe61f232000 rw-p 00017000 08:01 2375351                    /usr/lib/jvm/java-11-openjdk-amd64/lib/libnet.so
7fe61f232000-7fe61f243000 r-xp 00000000 08:01 2375352                    /usr/lib/jvm/java-11-openjdk-amd64/lib/libnio.so
7fe61f243000-7fe61f442000 ---p 00011000 08:01 2375352                    /usr/lib/jvm/java-11-openjdk-amd64/lib/libnio.so
7fe61f442000-7fe61f443000 r--p 00010000 08:01 2375352                    /usr/lib/jvm/java-11-openjdk-amd64/lib/libnio.so
7fe61f443000-7fe61f444000 rw-p 00011000 08:01 2375352                    /usr/lib/jvm/java-11-openjdk-amd64/lib/libnio.so
7fe61f444000-7fe61f448000 ---p 00000000 00:00 0 
7fe61f448000-7fe61f545000 rw-p 00000000 00:00 0 
7fe61f545000-7fe61f549000 ---p 00000000 00:00 0 
7fe61f549000-7fe61f646000 rw-p 00000000 00:00 0 
7fe61f646000-7fe61f64a000 ---p 00000000 00:00 0 
7fe61f64a000-7fe61f747000 rw-p 00000000 00:00 0 
7fe61f747000-7fe61f74b000 ---p 00000000 00:00 0 
7fe61f74b000-7fe61f848000 rw-p 00000000 00:00 0 
7fe61f848000-7fe61fb26000 r--p 00000000 08:01 2356570                    /usr/lib/locale/locale-archive
7fe61fb26000-7fe61fd96000 rwxp 00000000 00:00 0 
7fe61fd96000-7fe6200b5000 ---p 00000000 00:00 0 
7fe6200b5000-7fe620ca5000 rwxp 00000000 00:00 0 
7fe620ca5000-7fe6275ed000 ---p 00000000 00:00 0 
7fe6275ed000-7fe62789d000 rwxp 00000000 00:00 0 
7fe62789d000-7fe62eb26000 ---p 00000000 00:00 0 
7fe62eb26000-7fe638000000 r--s 00000000 08:01 2375361                    /usr/lib/jvm/java-11-openjdk-amd64/lib/modules
7fe638000000-7fe63972e000 rw-p 00000000 00:00 0 
7fe63972e000-7fe63c000000 ---p 00000000 00:00 0 
7fe63c054000-7fe63c058000 ---p 00000000 00:00 0 
7fe63c058000-7fe63c155000 rw-p 00000000 00:00 0 
7fe63c155000-7fe63c159000 ---p 00000000 00:00 0 
7fe63c159000-7fe63c256000 rw-p 00000000 00:00 0 
7fe63c256000-7fe63c25a000 ---p 00000000 00:00 0 
7fe63c25a000-7fe63c357000 rw-p 00000000 00:00 0 
7fe63c357000-7fe63c358000 ---p 00000000 00:00 0 
7fe63c358000-7fe63cd2a000 rw-p 00000000 00:00 0 
7fe63cd2a000-7fe63cd42000 rw-p 00000000 00:00 0 
7fe63cd42000-7fe63cd7d000 ---p 00000000 00:00 0 
7fe63cd7d000-7fe63cdae000 rw-p 00000000 00:00 0 
7fe63cdae000-7fe63ce24000 ---p 00000000 00:00 0 
7fe63ce24000-7fe63ce2b000 rw-p 00000000 00:00 0 
7fe63ce2b000-7fe63cf10000 ---p 00000000 00:00 0 
7fe63cf10000-7fe63cf28000 rw-p 00000000 00:00 0 
7fe63cf28000-7fe63cffb000 ---p 00000000 00:00 0 
7fe63cffb000-7fe63d000000 r-xp 00000000 08:01 2375343                    /usr/lib/jvm/java-11-openjdk-amd64/lib/libjimage.so
7fe63d000000-7fe63d1ff000 ---p 00005000 08:01 2375343                    /usr/lib/jvm/java-11-openjdk-amd64/lib/libjimage.so
7fe63d1ff000-7fe63d200000 r--p 00004000 08:01 2375343                    /usr/lib/jvm/java-11-openjdk-amd64/lib/libjimage.so
7fe63d200000-7fe63d201000 rw-p 00005000 08:01 2375343                    /usr/lib/jvm/java-11-openjdk-amd64/lib/libjimage.so
7fe63d201000-7fe63d208000 r-xp 00000000 08:01 2375360                    /usr/lib/jvm/java-11-openjdk-amd64/lib/libzip.so
7fe63d208000-7fe63d407000 ---p 00007000 08:01 2375360                    /usr/lib/jvm/java-11-openjdk-amd64/lib/libzip.so
7fe63d407000-7fe63d408000 r--p 00006000 08:01 2375360                    /usr/lib/jvm/java-11-openjdk-amd64/lib/libzip.so
7fe63d408000-7fe63d409000 rw-p 00007000 08:01 2375360                    /usr/lib/jvm/java-11-openjdk-amd64/lib/libzip.so
7fe63d409000-7fe63d414000 r-xp 00000000 08:01 533077                     /lib/x86_64-linux-gnu/libnss_files-2.27.so
7fe63d414000-7fe63d613000 ---p 0000b000 08:01 533077                     /lib/x86_64-linux-gnu/libnss_files-2.27.so
7fe63d613000-7fe63d614000 r--p 0000a000 08:01 533077                     /lib/x86_64-linux-gnu/libnss_files-2.27.so
7fe63d614000-7fe63d615000 rw-p 0000b000 08:01 533077                     /lib/x86_64-linux-gnu/libnss_files-2.27.so
7fe63d615000-7fe63d61b000 rw-p 00000000 00:00 0 
7fe63d61b000-7fe63d632000 r-xp 00000000 08:01 533074                     /lib/x86_64-linux-gnu/libnsl-2.27.so
7fe63d632000-7fe63d831000 ---p 00017000 08:01 533074                     /lib/x86_64-linux-gnu/libnsl-2.27.so
7fe63d831000-7fe63d832000 r--p 00016000 08:01 533074                     /lib/x86_64-linux-gnu/libnsl-2.27.so
7fe63d832000-7fe63d833000 rw-p 00017000 08:01 533074                     /lib/x86_64-linux-gnu/libnsl-2.27.so
7fe63d833000-7fe63d835000 rw-p 00000000 00:00 0 
7fe63d835000-7fe63d840000 r-xp 00000000 08:01 533079                     /lib/x86_64-linux-gnu/libnss_nis-2.27.so
7fe63d840000-7fe63da3f000 ---p 0000b000 08:01 533079                     /lib/x86_64-linux-gnu/libnss_nis-2.27.so
7fe63da3f000-7fe63da40000 r--p 0000a000 08:01 533079                     /lib/x86_64-linux-gnu/libnss_nis-2.27.so
7fe63da40000-7fe63da41000 rw-p 0000b000 08:01 533079                     /lib/x86_64-linux-gnu/libnss_nis-2.27.so
7fe63da41000-7fe63da49000 r-xp 00000000 08:01 533075                     /lib/x86_64-linux-gnu/libnss_compat-2.27.so
7fe63da49000-7fe63dc49000 ---p 00008000 08:01 533075                     /lib/x86_64-linux-gnu/libnss_compat-2.27.so
7fe63dc49000-7fe63dc4a000 r--p 00008000 08:01 533075                     /lib/x86_64-linux-gnu/libnss_compat-2.27.so
7fe63dc4a000-7fe63dc4b000 rw-p 00009000 08:01 533075                     /lib/x86_64-linux-gnu/libnss_compat-2.27.so
7fe63dc4b000-7fe63dc55000 r-xp 00000000 08:01 2375334                    /usr/lib/jvm/java-11-openjdk-amd64/lib/libinstrument.so
7fe63dc55000-7fe63de54000 ---p 0000a000 08:01 2375334                    /usr/lib/jvm/java-11-openjdk-amd64/lib/libinstrument.so
7fe63de54000-7fe63de55000 r--p 00009000 08:01 2375334                    /usr/lib/jvm/java-11-openjdk-amd64/lib/libinstrument.so
7fe63de55000-7fe63de56000 rw-p 0000a000 08:01 2375334                    /usr/lib/jvm/java-11-openjdk-amd64/lib/libinstrument.so
7fe63de56000-7fe63de82000 r-xp 00000000 08:01 2375339                    /usr/lib/jvm/java-11-openjdk-amd64/lib/libjava.so
7fe63de82000-7fe63e081000 ---p 0002c000 08:01 2375339                    /usr/lib/jvm/java-11-openjdk-amd64/lib/libjava.so
7fe63e081000-7fe63e082000 r--p 0002b000 08:01 2375339                    /usr/lib/jvm/java-11-openjdk-amd64/lib/libjava.so
7fe63e082000-7fe63e084000 rw-p 0002c000 08:01 2375339                    /usr/lib/jvm/java-11-openjdk-amd64/lib/libjava.so
7fe63e084000-7fe63e091000 r-xp 00000000 08:01 2375359                    /usr/lib/jvm/java-11-openjdk-amd64/lib/libverify.so
7fe63e091000-7fe63e290000 ---p 0000d000 08:01 2375359                    /usr/lib/jvm/java-11-openjdk-amd64/lib/libverify.so
7fe63e290000-7fe63e292000 r--p 0000c000 08:01 2375359                    /usr/lib/jvm/java-11-openjdk-amd64/lib/libverify.so
7fe63e292000-7fe63e293000 rw-p 0000e000 08:01 2375359                    /usr/lib/jvm/java-11-openjdk-amd64/lib/libverify.so
7fe63e293000-7fe63e29a000 r-xp 00000000 08:01 537714                     /lib/x86_64-linux-gnu/librt-2.27.so
7fe63e29a000-7fe63e499000 ---p 00007000 08:01 537714                     /lib/x86_64-linux-gnu/librt-2.27.so
7fe63e499000-7fe63e49a000 r--p 00006000 08:01 537714                     /lib/x86_64-linux-gnu/librt-2.27.so
7fe63e49a000-7fe63e49b000 rw-p 00007000 08:01 537714                     /lib/x86_64-linux-gnu/librt-2.27.so
7fe63e49b000-7fe63e4b2000 r-xp 00000000 08:01 524886                     /lib/x86_64-linux-gnu/libgcc_s.so.1
7fe63e4b2000-7fe63e6b1000 ---p 00017000 08:01 524886                     /lib/x86_64-linux-gnu/libgcc_s.so.1
7fe63e6b1000-7fe63e6b2000 r--p 00016000 08:01 524886                     /lib/x86_64-linux-gnu/libgcc_s.so.1
7fe63e6b2000-7fe63e6b3000 rw-p 00017000 08:01 524886                     /lib/x86_64-linux-gnu/libgcc_s.so.1
7fe63e6b3000-7fe63e850000 r-xp 00000000 08:01 533071                     /lib/x86_64-linux-gnu/libm-2.27.so
7fe63e850000-7fe63ea4f000 ---p 0019d000 08:01 533071                     /lib/x86_64-linux-gnu/libm-2.27.so
7fe63ea4f000-7fe63ea50000 r--p 0019c000 08:01 533071                     /lib/x86_64-linux-gnu/libm-2.27.so
7fe63ea50000-7fe63ea51000 rw-p 0019d000 08:01 533071                     /lib/x86_64-linux-gnu/libm-2.27.so
7fe63ea51000-7fe63ebca000 r-xp 00000000 08:01 2356883                    /usr/lib/x86_64-linux-gnu/libstdc++.so.6.0.25
7fe63ebca000-7fe63edca000 ---p 00179000 08:01 2356883                    /usr/lib/x86_64-linux-gnu/libstdc++.so.6.0.25
7fe63edca000-7fe63edd4000 r--p 00179000 08:01 2356883                    /usr/lib/x86_64-linux-gnu/libstdc++.so.6.0.25
7fe63edd4000-7fe63edd6000 rw-p 00183000 08:01 2356883                    /usr/lib/x86_64-linux-gnu/libstdc++.so.6.0.25
7fe63edd6000-7fe63edda000 rw-p 00000000 00:00 0 
7fe63edda000-7fe63fd77000 r-xp 00000000 08:01 5361                       /usr/lib/jvm/java-11-openjdk-amd64/lib/server/libjvm.so
7fe63fd77000-7fe63ff77000 ---p 00f9d000 08:01 5361                       /usr/lib/jvm/java-11-openjdk-amd64/lib/server/libjvm.so
7fe63ff77000-7fe64003b000 r--p 00f9d000 08:01 5361                       /usr/lib/jvm/java-11-openjdk-amd64/lib/server/libjvm.so
7fe64003b000-7fe640073000 rw-p 01061000 08:01 5361                       /usr/lib/jvm/java-11-openjdk-amd64/lib/server/libjvm.so
7fe640073000-7fe6400bc000 rw-p 00000000 00:00 0 
7fe6400bc000-7fe6400d6000 r-xp 00000000 08:01 533082                     /lib/x86_64-linux-gnu/libpthread-2.27.so
7fe6400d6000-7fe6402d5000 ---p 0001a000 08:01 533082                     /lib/x86_64-linux-gnu/libpthread-2.27.so
7fe6402d5000-7fe6402d6000 r--p 00019000 08:01 533082                     /lib/x86_64-linux-gnu/libpthread-2.27.so
7fe6402d6000-7fe6402d7000 rw-p 0001a000 08:01 533082                     /lib/x86_64-linux-gnu/libpthread-2.27.so
7fe6402d7000-7fe6402db000 rw-p 00000000 00:00 0 
7fe6402db000-7fe6402de000 r-xp 00000000 08:01 533070                     /lib/x86_64-linux-gnu/libdl-2.27.so
7fe6402de000-7fe6404dd000 ---p 00003000 08:01 533070                     /lib/x86_64-linux-gnu/libdl-2.27.so
7fe6404dd000-7fe6404de000 r--p 00002000 08:01 533070                     /lib/x86_64-linux-gnu/libdl-2.27.so
7fe6404de000-7fe6404df000 rw-p 00003000 08:01 533070                     /lib/x86_64-linux-gnu/libdl-2.27.so
7fe6404df000-7fe6404fb000 r-xp 00000000 08:01 528131                     /lib/x86_64-linux-gnu/libz.so.1.2.11
7fe6404fb000-7fe6406fa000 ---p 0001c000 08:01 528131                     /lib/x86_64-linux-gnu/libz.so.1.2.11
7fe6406fa000-7fe6406fb000 r--p 0001b000 08:01 528131                     /lib/x86_64-linux-gnu/libz.so.1.2.11
7fe6406fb000-7fe6406fc000 rw-p 0001c000 08:01 528131                     /lib/x86_64-linux-gnu/libz.so.1.2.11
7fe6406fc000-7fe6408e3000 r-xp 00000000 08:01 533067                     /lib/x86_64-linux-gnu/libc-2.27.so
7fe6408e3000-7fe640ae3000 ---p 001e7000 08:01 533067                     /lib/x86_64-linux-gnu/libc-2.27.so
7fe640ae3000-7fe640ae7000 r--p 001e7000 08:01 533067                     /lib/x86_64-linux-gnu/libc-2.27.so
7fe640ae7000-7fe640ae9000 rw-p 001eb000 08:01 533067                     /lib/x86_64-linux-gnu/libc-2.27.so
7fe640ae9000-7fe640aed000 rw-p 00000000 00:00 0 
7fe640aed000-7fe640afc000 r-xp 00000000 08:01 2375324                    /usr/lib/jvm/java-11-openjdk-amd64/lib/jli/libjli.so
7fe640afc000-7fe640cfb000 ---p 0000f000 08:01 2375324                    /usr/lib/jvm/java-11-openjdk-amd64/lib/jli/libjli.so
7fe640cfb000-7fe640cfc000 r--p 0000e000 08:01 2375324                    /usr/lib/jvm/java-11-openjdk-amd64/lib/jli/libjli.so
7fe640cfc000-7fe640cfd000 rw-p 0000f000 08:01 2375324                    /usr/lib/jvm/java-11-openjdk-amd64/lib/jli/libjli.so
7fe640cfd000-7fe640d24000 r-xp 00000000 08:01 529162                     /lib/x86_64-linux-gnu/ld-2.27.so
7fe640d3e000-7fe640d42000 ---p 00000000 00:00 0 
7fe640d42000-7fe640d90000 rw-p 00000000 00:00 0 
7fe640d90000-7fe640e07000 ---p 00000000 00:00 0 
7fe640e07000-7fe640e0b000 ---p 00000000 00:00 0 
7fe640e0b000-7fe640f0a000 rw-p 00000000 00:00 0 
7fe640f0c000-7fe640f11000 rw-p 00000000 00:00 0 
7fe640f11000-7fe640f18000 ---p 00000000 00:00 0 
7fe640f18000-7fe640f20000 rw-s 00000000 08:01 1833079                    /tmp/hsperfdata_root/18249
7fe640f20000-7fe640f21000 ---p 00000000 00:00 0 
7fe640f21000-7fe640f22000 r--p 00000000 00:00 0 
7fe640f22000-7fe640f24000 rw-p 00000000 00:00 0 
7fe640f24000-7fe640f25000 r--p 00027000 08:01 529162                     /lib/x86_64-linux-gnu/ld-2.27.so
7fe640f25000-7fe640f26000 rw-p 00028000 08:01 529162                     /lib/x86_64-linux-gnu/ld-2.27.so
7fe640f26000-7fe640f27000 rw-p 00000000 00:00 0 
7ffda4918000-7ffda4939000 rw-p 00000000 00:00 0                          [stack]
7ffda4960000-7ffda4963000 r--p 00000000 00:00 0                          [vvar]
7ffda4963000-7ffda4965000 r-xp 00000000 00:00 0                          [vdso]
ffffffffff600000-ffffffffff601000 r-xp 00000000 00:00 0                  [vsyscall]


VM Arguments:
jvm_args: -Dmaven.multiModuleProjectDirectory=/home/robyj/fedora4/fcrepo4/fcrepo-webapp -Dmaven.home=/home/robyj/Desktop/idea-IC-182.4505.22/plugins/maven/lib/maven3 -Dclassworlds.conf=/home/robyj/Desktop/idea-IC-182.4505.22/plugins/maven/lib/maven3/bin/m2.conf -javaagent:/home/robyj/Desktop/idea-IC-182.4505.22/lib/idea_rt.jar=42713:/home/robyj/Desktop/idea-IC-182.4505.22/bin -Dfile.encoding=UTF-8 
java_command: org.codehaus.classworlds.Launcher -Didea.version=2018.2.4 jetty:run -Dfcrepo.log=DEBUG -Dfcrepo.log.auth=DEBUG
java_class_path (initial): /home/robyj/Desktop/idea-IC-182.4505.22/plugins/maven/lib/maven3/boot/plexus-classworlds-2.5.2.jar
Launcher Type: SUN_STANDARD

Logging:
Log output configuration:
#0: stdout all=warning uptime,level,tags
#1: stderr all=off uptime,level,tags

Environment Variables:
PATH=/usr/local/sbin:/usr/local/bin:/usr/sbin:/usr/bin:/sbin:/bin:/usr/games:/usr/local/games
USERNAME=root
SHELL=/bin/bash
DISPLAY=:0.0

Signal Handlers:
SIGSEGV: [libjvm.so+0xd28ad0], sa_mask[0]=11111111011111111101111111111110, sa_flags=SA_RESTART|SA_SIGINFO
SIGBUS: [libjvm.so+0xd28ad0], sa_mask[0]=11111111011111111101111111111110, sa_flags=SA_RESTART|SA_SIGINFO
SIGFPE: [libjvm.so+0xd28ad0], sa_mask[0]=11111111011111111101111111111110, sa_flags=SA_RESTART|SA_SIGINFO
SIGPIPE: [libjvm.so+0xb2a150], sa_mask[0]=11111111011111111101111111111110, sa_flags=SA_RESTART|SA_SIGINFO
SIGXFSZ: [libjvm.so+0xb2a150], sa_mask[0]=11111111011111111101111111111110, sa_flags=SA_RESTART|SA_SIGINFO
SIGILL: [libjvm.so+0xd28ad0], sa_mask[0]=11111111011111111101111111111110, sa_flags=SA_RESTART|SA_SIGINFO
SIGUSR2: [libjvm.so+0xb29f90], sa_mask[0]=00100000000000000000000000000000, sa_flags=SA_RESTART|SA_SIGINFO
SIGHUP: [libjvm.so+0xb2a0e0], sa_mask[0]=11111111011111111101111111111110, sa_flags=SA_RESTART|SA_SIGINFO
SIGINT: [libjvm.so+0xb2a0e0], sa_mask[0]=11111111011111111101111111111110, sa_flags=SA_RESTART|SA_SIGINFO
SIGTERM: [libjvm.so+0xb2a0e0], sa_mask[0]=11111111011111111101111111111110, sa_flags=SA_RESTART|SA_SIGINFO
SIGQUIT: [libjvm.so+0xb2a0e0], sa_mask[0]=11111111011111111101111111111110, sa_flags=SA_RESTART|SA_SIGINFO


---------------  S Y S T E M  ---------------

OS:DISTRIB_ID=Ubuntu
DISTRIB_RELEASE=18.04
DISTRIB_CODENAME=bionic
DISTRIB_DESCRIPTION="Ubuntu 18.04.1 LTS"
uname:Linux 4.15.0-34-generic #37-Ubuntu SMP Mon Aug 27 15:21:48 UTC 2018 x86_64
libc:glibc 2.27 NPTL 2.27 
rlimit: STACK 8192k, CORE 0k, NPROC 7735, NOFILE 1048576, AS infinity, DATA infinity, FSIZE infinity
load average:12.53 10.52 5.80

/proc/meminfo:
MemTotal:        2041312 kB
MemFree:           69532 kB
MemAvailable:      16740 kB
Buffers:             232 kB
Cached:            41144 kB
SwapCached:          352 kB
Active:          1371448 kB
Inactive:         463796 kB
Active(anon):    1363676 kB
Inactive(anon):   454632 kB
Active(file):       7772 kB
Inactive(file):     9164 kB
Unevictable:          32 kB
Mlocked:              32 kB
SwapTotal:       2096124 kB
SwapFree:              0 kB
Dirty:               308 kB
Writeback:            40 kB
AnonPages:       1793612 kB
Mapped:            14780 kB
Shmem:             24392 kB
Slab:              57220 kB
SReclaimable:      27968 kB
SUnreclaim:        29252 kB
KernelStack:        9616 kB
PageTables:        37872 kB
NFS_Unstable:          0 kB
Bounce:                0 kB
WritebackTmp:          0 kB
CommitLimit:     3116780 kB
Committed_AS:    6854700 kB
VmallocTotal:   34359738367 kB
VmallocUsed:           0 kB
VmallocChunk:          0 kB
HardwareCorrupted:     0 kB
AnonHugePages:         0 kB
ShmemHugePages:        0 kB
ShmemPmdMapped:        0 kB
CmaTotal:              0 kB
CmaFree:               0 kB
HugePages_Total:       0
HugePages_Free:        0
HugePages_Rsvd:        0
HugePages_Surp:        0
Hugepagesize:       2048 kB
DirectMap4k:      116672 kB
DirectMap2M:     1980416 kB

container (cgroup) information:
container_type: cgroupv1
cpu_cpuset_cpus: 0
cpu_memory_nodes: 0
active_processor_count: 1
cpu_quota: -1
cpu_period: 100000
cpu_shares: -1
memory_limit_in_bytes: -1
memory_and_swap_limit_in_bytes: -2
memory_soft_limit_in_bytes: -1
memory_usage_in_bytes: 1880469504
memory_max_usage_in_bytes: 160284672


CPU:total 1 (initial active 1) (1 cores per cpu, 1 threads per core) family 6 model 158 stepping 9, cmov, cx8, fxsr, mmx, sse, sse2, sse3, ssse3, sse4.1, sse4.2, popcnt, avx, avx2, aes, clmul, 3dnowpref, lzcnt, tsc, tscinvbit
CPU Model and flags from /proc/cpuinfo:
model name	: Intel(R) Core(TM) i7-7700HQ CPU @ 2.80GHz
flags		: fpu vme de pse tsc msr pae mce cx8 apic sep mtrr pge mca cmov pat pse36 clflush mmx fxsr sse sse2 syscall nx rdtscp lm constant_tsc rep_good nopl xtopology nonstop_tsc cpuid pni pclmulqdq monitor ssse3 cx16 pcid sse4_1 sse4_2 x2apic movbe popcnt aes xsave avx rdrand hypervisor lahf_lm abm 3dnowprefetch invpcid_single pti fsgsbase avx2 invpcid rdseed clflushopt

Memory: 4k page, physical 2041312k(67672k free), swap 2096124k(0k free)

vm_info: OpenJDK 64-Bit Server VM (10.0.2+13-Ubuntu-1ubuntu0.18.04.2) for linux-amd64 JRE (10.0.2+13-Ubuntu-1ubuntu0.18.04.2), built on Aug 24 2018 17:36:24 by "buildd" with gcc 7.3.0

END.
