#
# A fatal error has been detected by the Java Runtime Environment:
#
#  SIGBUS (0xa) at pc=0x000000010bc23141, pid=53434, tid=5891
#
# JRE version: Java(TM) SE Runtime Environment (7.0_12-b08) (build 1.7.0_12-ea-b08)
# Java VM: Java HotSpot(TM) 64-Bit Server VM (24.0-b28 mixed mode bsd-amd64 compressed oops)
# Problematic frame:
# C  [libzip.dylib+0x3141]  newEntry+0x154
#
# Failed to write core dump. Core dumps have been disabled. To enable core dumping, try "ulimit -c unlimited" before starting Java again
#
# If you would like to submit a bug report, please visit:
#   http://bugreport.sun.com/bugreport/crash.jsp
# The crash happened outside the Java Virtual Machine in native code.
# See problematic frame for where to report the bug.
#

---------------  T H R E A D  ---------------

Current thread (0x00007ffebe000800):  JavaThread "main" [_thread_in_native, id=5891, stack(0x000000010ba35000,0x000000010bb35000)]

siginfo:si_signo=SIGBUS: si_errno=0, si_code=2 (BUS_ADRERR), si_addr=0x0000000166bcd79a

Registers:
RAX=0x00007ffebbc13920, RBX=0x0000000166bcd78e, RCX=0x0000000000000d01, RDX=0x0000000020000000
RSP=0x000000010bb30950, RBP=0x000000010bb309b0, RSI=0x00007ffebc900000, RDI=0x000000010ad65e00
R8 =0x0000000000000004, R9 =0x000000000000001d, R10=0x000000010bca69d8, R11=0x0000000000000004
R12=0x0000000000000cae, R13=0x00007ffebc01c000, R14=0x00007ffebbc13920, R15=0x000000000000043a
RIP=0x000000010bc23141, EFLAGS=0x0000000000010206, ERR=0x0000000000000004
  TRAPNO=0x000000000000000e

Top of Stack: (sp=0x000000010bb30950)
0x000000010bb30950:   00007ffebe000800 0000000000000002
0x000000010bb30960:   000000010bb30a50 000000010b169504
0x000000010bb30970:   000000010bb30990 00007ffebbc13920
0x000000010bb30980:   00007ffebc9dd780 000000007aa9ef6a
0x000000010bb30990:   0000000000000cae 00007ffebc01c000
0x000000010bb309a0:   00007ffebbc13920 000000000000043a
0x000000010bb309b0:   000000010bb30a00 000000010bc237b3
0x000000010bb309c0:   0000000000000029 00000029be000800
0x000000010bb309d0:   000000010bb30a1e 000000010bb30e68
0x000000010bb309e0:   0000000000000029 000000010bb30a1e
0x000000010bb309f0:   00007ffebbc13920 00007ffebe0009d8
0x000000010bb30a00:   000000010bb30e50 000000010bc225fa
0x000000010bb30a10:   0000000000000000 726f000100000001
0x000000010bb30a20:   687365646f6d2f67 2f72636a2f657061
0x000000010bb30a30:   69422f65756c6176 756c61567972616e
0x000000010bb30a40:   007373616c632e65 00007ffec3060000
0x000000010bb30a50:   000000010bb30cb0 000000010bb30b40
0x000000010bb30a60:   000000010bb30aa0 00007ffec3060098
0x000000010bb30a70:   000000010bb30ba0 000000010b184d0d
0x000000010bb30a80:   0000000210dbaa90 00007ffebe0009d8
0x000000010bb30a90:   00007ffec3060090 000000010bb30c70
0x000000010bb30aa0:   000000010bb30ac0 000000014f95eb90
0x000000010bb30ab0:   00000001140e71c0 0000000000000009
0x000000010bb30ac0:   000000010bb30ae0 000000010b0372a2
0x000000010bb30ad0:   0000000110e2b820 00007ffebcc0bbb0
0x000000010bb30ae0:   000000010bb30be0 000000010f010140
0x000000010bb30af0:   000000000000003f 000000010bb30aa8
0x000000010bb30b00:   000000010bb30ae9 0000000800000002
0x000000010bb30b10:   00007ffebc9de800 00007ffebca00bc0
0x000000010bb30b20:   00007ffebca01220 00007ffebca012a0
0x000000010bb30b30:   00007ffebca01608 00000000000003d8
0x000000010bb30b40:   000000010b5b7c80 0000000164671510 

Instructions: (pc=0x000000010bc23141)
0x000000010bc23121:   49 8b 7f 38 e8 42 1a 00 00 4d 89 77 38 49 89 5f
0x000000010bc23131:   40 4c 89 f0 48 85 c0 0f 84 16 05 00 00 48 89 c3
0x000000010bc23141:   0f b6 43 0c 0f b6 4b 0d 48 c1 e1 08 48 01 c1 0f
0x000000010bc23151:   b6 43 0e 0f b6 53 0f 48 c1 e2 08 48 01 c2 48 c1 

Register to memory mapping:

RAX=0x00007ffebbc13920 is an unknown value
RBX=0x0000000166bcd78e is an unknown value
RCX=0x0000000000000d01 is an unknown value
RDX=0x0000000020000000 is an unknown value
RSP=0x000000010bb30950 is pointing into the stack for thread: 0x00007ffebe000800
RBP=0x000000010bb309b0 is pointing into the stack for thread: 0x00007ffebe000800
RSI=0x00007ffebc900000 is an unknown value
RDI=0x000000010ad65e00 is an unknown value
R8 =0x0000000000000004 is an unknown value
R9 =0x000000000000001d is an unknown value
R10=0x000000010bca69d8 is at entry_point+88 in (nmethod*)0x000000010bca6810R11=0x0000000000000004 is an unknown value
R12=0x0000000000000cae is an unknown value
R13=0x00007ffebc01c000 is an unknown value
R14=0x00007ffebbc13920 is an unknown value
R15=0x000000000000043a is an unknown value


Stack: [0x000000010ba35000,0x000000010bb35000],  sp=0x000000010bb30950,  free space=1006k
Native frames: (J=compiled Java code, j=interpreted, Vv=VM code, C=native code)
C  [libzip.dylib+0x3141]  newEntry+0x154
C  [libzip.dylib+0x37b3]  ZIP_GetEntry+0xa2
C  [libzip.dylib+0x25fa]  Java_java_util_zip_ZipFile_getEntry+0xdd
J  java.util.zip.ZipFile.getEntry(J[BZ)J

Java frames: (J=compiled Java code, j=interpreted, Vv=VM code)
J  java.util.zip.ZipFile.getEntry(J[BZ)J
J  java.util.zip.ZipFile.getEntry(Ljava/lang/String;)Ljava/util/zip/ZipEntry;
J  sun.misc.URLClassPath$JarLoader.getResource(Ljava/lang/String;Z)Lsun/misc/Resource;
J  java.net.URLClassLoader$2.run()Ljava/lang/Object;
v  ~StubRoutines::call_stub
J  java.security.AccessController.doPrivileged(Ljava/security/PrivilegedAction;Ljava/security/AccessControlContext;)Ljava/lang/Object;
J  java.net.URLClassLoader.findResource(Ljava/lang/String;)Ljava/net/URL;
j  java.lang.ClassLoader.getResource(Ljava/lang/String;)Ljava/net/URL;+30
j  java.lang.Class.getResource(Ljava/lang/String;)Ljava/net/URL;+22
j  javassist.ClassClassPath.find(Ljava/lang/String;)Ljava/net/URL;+41
j  javassist.ClassPoolTail.find(Ljava/lang/String;)Ljava/net/URL;+26
J  javassist.ClassPool.get(Ljava/lang/String;)Ljavassist/CtClass;
j  org.powermock.core.classloader.MockClassLoader.loadUnmockedClass(Ljava/lang/String;)Ljava/lang/Class;+50
j  org.powermock.core.classloader.MockClassLoader.loadModifiedClass(Ljava/lang/String;)Ljava/lang/Class;+63
j  org.powermock.core.classloader.DeferSupportingClassLoader.loadClass(Ljava/lang/String;Z)Ljava/lang/Class;+70
J  java.lang.ClassLoader.loadClass(Ljava/lang/String;)Ljava/lang/Class;
v  ~StubRoutines::call_stub
j  java.lang.Class.getDeclaredMethods0(Z)[Ljava/lang/reflect/Method;+0
j  java.lang.Class.privateGetDeclaredMethods(Z)[Ljava/lang/reflect/Method;+67
j  java.lang.Class.getDeclaredMethods()[Ljava/lang/reflect/Method;+10
j  org.mockito.cglib.core.ReflectUtils.addAllMethods(Ljava/lang/Class;Ljava/util/List;)Ljava/util/List;+6
j  org.mockito.cglib.proxy.Enhancer.getMethods(Ljava/lang/Class;[Ljava/lang/Class;Ljava/util/List;Ljava/util/List;Ljava/util/Set;)V+97
j  org.mockito.cglib.proxy.Enhancer.generateClass(Lorg/mockito/asm/ClassVisitor;)V+135
j  org.mockito.cglib.core.DefaultGeneratorStrategy.generate(Lorg/mockito/cglib/core/ClassGenerator;)[B+15
j  org.mockito.cglib.core.AbstractClassGenerator.create(Ljava/lang/Object;)Ljava/lang/Object;+256
j  org.mockito.cglib.proxy.Enhancer.createHelper()Ljava/lang/Object;+137
j  org.mockito.cglib.proxy.Enhancer.createClass()Ljava/lang/Class;+10
j  org.mockito.internal.creation.jmock.ClassImposterizer.createProxyClass(Ljava/lang/Class;[Ljava/lang/Class;)Ljava/lang/Class;+173
j  org.mockito.internal.creation.jmock.ClassImposterizer.imposterise(Lorg/mockito/cglib/proxy/MethodInterceptor;Ljava/lang/Class;[Ljava/lang/Class;)Ljava/lang/Object;+14
j  org.mockito.internal.creation.jmock.ClassImposterizer.imposterise(Lorg/mockito/cglib/proxy/MethodInterceptor;Ljava/lang/Class;Ljava/util/Collection;)Ljava/lang/Object;+26
j  org.mockito.internal.creation.CglibMockMaker.createMock(Lorg/mockito/mock/MockCreationSettings;Lorg/mockito/invocation/MockHandler;)Ljava/lang/Object;+36
j  org.powermock.api.mockito.internal.mockmaker.PowerMockMaker.createMock(Lorg/mockito/mock/MockCreationSettings;Lorg/mockito/invocation/MockHandler;)Ljava/lang/Object;+10
j  org.mockito.internal.util.MockUtil.createMock(Lorg/mockito/mock/MockCreationSettings;)Ljava/lang/Object;+21
j  org.mockito.internal.MockitoCore.mock(Ljava/lang/Class;Lorg/mockito/MockSettings;)Ljava/lang/Object;+85
j  org.mockito.Mockito.mock(Ljava/lang/Class;Lorg/mockito/MockSettings;)Ljava/lang/Object;+9
j  org.mockito.Mockito.mock(Ljava/lang/Class;)Ljava/lang/Object;+16
j  org.fcrepo.utils.LowLevelCacheEntryTest.setUp()V+95
v  ~StubRoutines::call_stub
j  sun.reflect.NativeMethodAccessorImpl.invoke0(Ljava/lang/reflect/Method;Ljava/lang/Object;[Ljava/lang/Object;)Ljava/lang/Object;+0
j  sun.reflect.NativeMethodAccessorImpl.invoke(Ljava/lang/Object;[Ljava/lang/Object;)Ljava/lang/Object;+87
j  sun.reflect.DelegatingMethodAccessorImpl.invoke(Ljava/lang/Object;[Ljava/lang/Object;)Ljava/lang/Object;+6
j  java.lang.reflect.Method.invoke(Ljava/lang/Object;[Ljava/lang/Object;)Ljava/lang/Object;+57
j  org.junit.internal.runners.MethodRoadie.runBefores()V+54
j  org.junit.internal.runners.MethodRoadie.runBeforesThenTestThenAfters(Ljava/lang/Runnable;)V+5
j  org.powermock.modules.junit4.internal.impl.PowerMockJUnit44RunnerDelegateImpl$PowerMockJUnit44MethodRunner.executeTest(Ljava/lang/reflect/Method;Ljava/lang/Object;Ljava/lang/Runnable;)V+80
j  org.powermock.modules.junit4.internal.impl.PowerMockJUnit49RunnerDelegateImpl$PowerMockJUnit49MethodRunner.executeTestInSuper(Ljava/lang/reflect/Method;Ljava/lang/Object;Ljava/lang/Runnable;)V+9
j  org.powermock.modules.junit4.internal.impl.PowerMockJUnit49RunnerDelegateImpl$PowerMockJUnit49MethodRunner.executeTest(Ljava/lang/reflect/Method;Ljava/lang/Object;Ljava/lang/Runnable;)V+118
j  org.powermock.modules.junit4.internal.impl.PowerMockJUnit44RunnerDelegateImpl$PowerMockJUnit44MethodRunner.runBeforesThenTestThenAfters(Ljava/lang/Runnable;)V+22
j  org.junit.internal.runners.MethodRoadie.runTest()V+13
j  org.junit.internal.runners.MethodRoadie.run()V+72
j  org.powermock.modules.junit4.internal.impl.PowerMockJUnit44RunnerDelegateImpl.invokeTestMethod(Ljava/lang/reflect/Method;Lorg/junit/runner/notification/RunNotifier;)V+114
j  org.powermock.modules.junit4.internal.impl.PowerMockJUnit44RunnerDelegateImpl.runMethods(Lorg/junit/runner/notification/RunNotifier;)V+163
j  org.powermock.modules.junit4.internal.impl.PowerMockJUnit44RunnerDelegateImpl$1.run()V+12
j  org.junit.internal.runners.ClassRoadie.runUnprotected()V+8
j  org.junit.internal.runners.ClassRoadie.runProtected()V+9
j  org.powermock.modules.junit4.internal.impl.PowerMockJUnit44RunnerDelegateImpl.run(Lorg/junit/runner/notification/RunNotifier;)V+29
j  org.powermock.modules.junit4.common.internal.impl.JUnit4TestSuiteChunkerImpl.run(Lorg/junit/runner/notification/RunNotifier;)V+275
j  org.powermock.modules.junit4.common.internal.impl.AbstractCommonPowerMockRunner.run(Lorg/junit/runner/notification/RunNotifier;)V+9
j  org.powermock.modules.junit4.PowerMockRunner.run(Lorg/junit/runner/notification/RunNotifier;)V+15
j  org.apache.maven.surefire.junit4.JUnit4Provider.execute(Ljava/lang/Class;Lorg/junit/runner/notification/RunNotifier;[Ljava/lang/String;)V+162
j  org.apache.maven.surefire.junit4.JUnit4Provider.executeTestSet(Ljava/lang/Class;Lorg/apache/maven/surefire/report/RunListener;Lorg/junit/runner/notification/RunNotifier;)V+87
j  org.apache.maven.surefire.junit4.JUnit4Provider.invoke(Ljava/lang/Object;)Lorg/apache/maven/surefire/suite/RunResult;+185
v  ~StubRoutines::call_stub
j  sun.reflect.NativeMethodAccessorImpl.invoke0(Ljava/lang/reflect/Method;Ljava/lang/Object;[Ljava/lang/Object;)Ljava/lang/Object;+0
j  sun.reflect.NativeMethodAccessorImpl.invoke(Ljava/lang/Object;[Ljava/lang/Object;)Ljava/lang/Object;+87
j  sun.reflect.DelegatingMethodAccessorImpl.invoke(Ljava/lang/Object;[Ljava/lang/Object;)Ljava/lang/Object;+6
j  java.lang.reflect.Method.invoke(Ljava/lang/Object;[Ljava/lang/Object;)Ljava/lang/Object;+57
j  org.apache.maven.surefire.util.ReflectionUtils.invokeMethodWithArray2(Ljava/lang/Object;Ljava/lang/reflect/Method;[Ljava/lang/Object;)Ljava/lang/Object;+7
j  org.apache.maven.surefire.booter.ProviderFactory$ProviderProxy.invoke(Ljava/lang/Object;)Lorg/apache/maven/surefire/suite/RunResult;+48
j  org.apache.maven.surefire.booter.ProviderFactory.invokeProvider(Ljava/lang/Object;Ljava/lang/ClassLoader;Ljava/lang/ClassLoader;Ljava/lang/Object;Lorg/apache/maven/surefire/booter/ProviderConfiguration;ZLorg/apache/maven/surefire/booter/StartupConfiguration;Z)Lorg/apache/maven/surefire/suite/RunResult;+48
j  org.apache.maven.surefire.booter.ForkedBooter.runSuitesInProcess(Ljava/lang/Object;Ljava/lang/ClassLoader;Lorg/apache/maven/surefire/booter/StartupConfiguration;Lorg/apache/maven/surefire/booter/ProviderConfiguration;Ljava/io/PrintStream;)Lorg/apache/maven/surefire/suite/RunResult;+50
j  org.apache.maven.surefire.booter.ForkedBooter.main([Ljava/lang/String;)V+212
v  ~StubRoutines::call_stub

---------------  P R O C E S S  ---------------

Java Threads: ( => current thread )
  0x00007ffebd85a000 JavaThread "Service Thread" daemon [_thread_blocked, id=22531, stack(0x000000016719f000,0x000000016729f000)]
  0x00007ffebd844800 JavaThread "C2 CompilerThread1" daemon [_thread_blocked, id=22275, stack(0x000000016709c000,0x000000016719c000)]
  0x00007ffebd840000 JavaThread "C2 CompilerThread0" daemon [_thread_in_native, id=20999, stack(0x0000000166f99000,0x0000000167099000)]
  0x00007ffec0808000 JavaThread "Signal Dispatcher" daemon [_thread_blocked, id=20739, stack(0x00000001669ff000,0x0000000166aff000)]
  0x00007ffebd00b000 JavaThread "Finalizer" daemon [_thread_blocked, id=16131, stack(0x000000016672d000,0x000000016682d000)]
  0x00007ffebd00a800 JavaThread "Reference Handler" daemon [_thread_blocked, id=15875, stack(0x000000016662a000,0x000000016672a000)]
=>0x00007ffebe000800 JavaThread "main" [_thread_in_native, id=5891, stack(0x000000010ba35000,0x000000010bb35000)]

Other Threads:
  0x00007ffebd00a000 VMThread [stack: 0x0000000166527000,0x0000000166627000] [id=15619]
  0x00007ffebc1a3000 WatcherThread [stack: 0x00000001672a2000,0x00000001673a2000] [id=22787]

VM state:not at safepoint (normal execution)

VM Mutex/Monitor currently owned by a thread: None

Heap
 PSYoungGen      total 176640K, used 149794K [0x0000000146f00000, 0x00000001551d0000, 0x0000000160700000)
  eden space 168896K, 84% used [0x0000000146f00000,0x000000014f9c06a0,0x00000001513f0000)
  from space 7744K, 99% used [0x0000000154a40000,0x00000001551c84e0,0x00000001551d0000)
  to   space 11520K, 0% used [0x0000000153b50000,0x0000000153b50000,0x0000000154690000)
 ParOldGen       total 52224K, used 36833K [0x0000000113f00000, 0x0000000117200000, 0x0000000146f00000)
  object space 52224K, 70% used [0x0000000113f00000,0x00000001162f86d8,0x0000000117200000)
 PSPermGen       total 65216K, used 65024K [0x000000010ed00000, 0x0000000112cb0000, 0x0000000113f00000)
  object space 65216K, 99% used [0x000000010ed00000,0x0000000112c80028,0x0000000112cb0000)

Card table byte_map: [0x0000000160700000,0x000000016098e000] byte_map_base: 0x000000015fe89800

Polling page: 0x000000010bb74000

Code Cache  [0x000000010bc29000, 0x000000010c0e9000, 0x000000010ec29000)
 total_blobs=1734 nmethods=1361 adapters=324 free_code_cache=44398Kb largest_free_block=45376832

Compilation events (10 events):
Event: 26.827 Thread 0x00007ffebd844800 1428   
Event: 26.828 Thread 0x00007ffebd844800 nmethod 1428 0x000000010c0ba290 code [0x000000010c0ba3e0, 0x000000010c0ba548]
Event: 26.828 Thread 0x00007ffebd844800 1429   
Event: 26.830 Thread 0x00007ffebd844800 nmethod 1429 0x000000010c0d4dd0 code [0x000000010c0d4f20, 0x000000010c0d5088]
Event: 26.849 Thread 0x00007ffebd844800 1430   
Event: 26.850 Thread 0x00007ffebd844800 nmethod 1430 0x000000010c0c89d0 code [0x000000010c0c8b20, 0x000000010c0c8bd8]
Event: 26.944 Thread 0x00007ffebd844800 1431   
Event: 26.946 Thread 0x00007ffebd844800 nmethod 1431 0x000000010c0c8610 code [0x000000010c0c8760, 0x000000010c0c8868]
Event: 26.951 Thread 0x00007ffebd844800 1432   
Event: 26.953 Thread 0x00007ffebd844800 nmethod 1432 0x000000010c0d1f50 code [0x000000010c0d20c0, 0x000000010c0d2308]

GC Heap History (10 events):
Event: 19.275 GC heap before
{Heap before GC invocations=14 (full 0):
 PSYoungGen      total 219392K, used 219373K [0x0000000146f00000, 0x0000000156640000, 0x0000000160700000)
  eden space 212864K, 100% used [0x0000000146f00000,0x0000000153ee0000,0x0000000153ee0000)
  from space 6528K, 99% used [0x00000001550f0000,0x000000015574b4a8,0x0000000155750000)
  to   space 11136K, 0% used [0x0000000155b60000,0x0000000155b60000,0x0000000156640000)
 ParOldGen       total 52224K, used 22741K [0x0000000113f00000, 0x0000000117200000, 0x0000000146f00000)
  object space 52224K, 43% used [0x0000000113f00000,0x00000001155354a0,0x0000000117200000)
 PSPermGen       total 43904K, used 43742K [0x000000010ed00000, 0x00000001117e0000, 0x0000000113f00000)
  object space 43904K, 99% used [0x000000010ed00000,0x00000001117b7a90,0x00000001117e0000)
Event: 19.284 GC heap after
Heap after GC invocations=14 (full 0):
 PSYoungGen      total 208640K, used 5497K [0x0000000146f00000, 0x00000001560c0000, 0x0000000160700000)
  eden space 203136K, 0% used [0x0000000146f00000,0x0000000146f00000,0x0000000153560000)
  from space 5504K, 99% used [0x0000000155b60000,0x00000001560be560,0x00000001560c0000)
  to   space 10624K, 0% used [0x0000000154c00000,0x0000000154c00000,0x0000000155660000)
 ParOldGen       total 52224K, used 25470K [0x0000000113f00000, 0x0000000117200000, 0x0000000146f00000)
  object space 52224K, 48% used [0x0000000113f00000,0x00000001157dfaf8,0x0000000117200000)
 PSPermGen       total 43904K, used 43742K [0x000000010ed00000, 0x00000001117e0000, 0x0000000113f00000)
  object space 43904K, 99% used [0x000000010ed00000,0x00000001117b7a90,0x00000001117e0000)
}
Event: 20.268 GC heap before
{Heap before GC invocations=15 (full 0):
 PSYoungGen      total 208640K, used 208633K [0x0000000146f00000, 0x00000001560c0000, 0x0000000160700000)
  eden space 203136K, 100% used [0x0000000146f00000,0x0000000153560000,0x0000000153560000)
  from space 5504K, 99% used [0x0000000155b60000,0x00000001560be560,0x00000001560c0000)
  to   space 10624K, 0% used [0x0000000154c00000,0x0000000154c00000,0x0000000155660000)
 ParOldGen       total 52224K, used 25470K [0x0000000113f00000, 0x0000000117200000, 0x0000000146f00000)
  object space 52224K, 48% used [0x0000000113f00000,0x00000001157dfaf8,0x0000000117200000)
 PSPermGen       total 47552K, used 47551K [0x000000010ed00000, 0x0000000111b70000, 0x0000000113f00000)
  object space 47552K, 99% used [0x000000010ed00000,0x0000000111b6fc68,0x0000000111b70000)
Event: 20.276 GC heap after
Heap after GC invocations=15 (full 0):
 PSYoungGen      total 199808K, used 5853K [0x0000000146f00000, 0x0000000155b70000, 0x0000000160700000)
  eden space 193920K, 0% used [0x0000000146f00000,0x0000000146f00000,0x0000000152c60000)
  from space 5888K, 99% used [0x0000000154c00000,0x00000001551b75a0,0x00000001551c0000)
  to   space 9920K, 0% used [0x00000001551c0000,0x00000001551c0000,0x0000000155b70000)
 ParOldGen       total 52224K, used 27645K [0x0000000113f00000, 0x0000000117200000, 0x0000000146f00000)
  object space 52224K, 52% used [0x0000000113f00000,0x00000001159ff738,0x0000000117200000)
 PSPermGen       total 47552K, used 47551K [0x000000010ed00000, 0x0000000111b70000, 0x0000000113f00000)
  object space 47552K, 99% used [0x000000010ed00000,0x0000000111b6fc68,0x0000000111b70000)
}
Event: 23.396 GC heap before
{Heap before GC invocations=16 (full 0):
 PSYoungGen      total 199808K, used 199773K [0x0000000146f00000, 0x0000000155b70000, 0x0000000160700000)
  eden space 193920K, 100% used [0x0000000146f00000,0x0000000152c60000,0x0000000152c60000)
  from space 5888K, 99% used [0x0000000154c00000,0x00000001551b75a0,0x00000001551c0000)
  to   space 9920K, 0% used [0x00000001551c0000,0x00000001551c0000,0x0000000155b70000)
 ParOldGen       total 52224K, used 27645K [0x0000000113f00000, 0x0000000117200000, 0x0000000146f00000)
  object space 52224K, 52% used [0x0000000113f00000,0x00000001159ff738,0x0000000117200000)
 PSPermGen       total 54656K, used 54478K [0x000000010ed00000, 0x0000000112260000, 0x0000000113f00000)
  object space 54656K, 99% used [0x000000010ed00000,0x0000000112233840,0x0000000112260000)
Event: 23.404 GC heap after
Heap after GC invocations=16 (full 0):
 PSYoungGen      total 191744K, used 6583K [0x0000000146f00000, 0x0000000155830000, 0x0000000160700000)
  eden space 185152K, 0% used [0x0000000146f00000,0x0000000146f00000,0x00000001523d0000)
  from space 6592K, 99% used [0x00000001551c0000,0x000000015582dde0,0x0000000155830000)
  to   space 10176K, 0% used [0x0000000154450000,0x0000000154450000,0x0000000154e40000)
 ParOldGen       total 52224K, used 30829K [0x0000000113f00000, 0x0000000117200000, 0x0000000146f00000)
  object space 52224K, 59% used [0x0000000113f00000,0x0000000115d1b738,0x0000000117200000)
 PSPermGen       total 54656K, used 54478K [0x000000010ed00000, 0x0000000112260000, 0x0000000113f00000)
  object space 54656K, 99% used [0x000000010ed00000,0x0000000112233840,0x0000000112260000)
}
Event: 24.672 GC heap before
{Heap before GC invocations=17 (full 0):
 PSYoungGen      total 191744K, used 191735K [0x0000000146f00000, 0x0000000155830000, 0x0000000160700000)
  eden space 185152K, 100% used [0x0000000146f00000,0x00000001523d0000,0x00000001523d0000)
  from space 6592K, 99% used [0x00000001551c0000,0x000000015582dde0,0x0000000155830000)
  to   space 10176K, 0% used [0x0000000154450000,0x0000000154450000,0x0000000154e40000)
 ParOldGen       total 52224K, used 30829K [0x0000000113f00000, 0x0000000117200000, 0x0000000146f00000)
  object space 52224K, 59% used [0x0000000113f00000,0x0000000115d1b738,0x0000000117200000)
 PSPermGen       total 57920K, used 57894K [0x000000010ed00000, 0x0000000112590000, 0x0000000113f00000)
  object space 57920K, 99% used [0x000000010ed00000,0x0000000112589830,0x0000000112590000)
Event: 24.679 GC heap after
Heap after GC invocations=17 (full 0):
 PSYoungGen      total 182912K, used 6067K [0x0000000146f00000, 0x00000001551d0000, 0x0000000160700000)
  eden space 176832K, 0% used [0x0000000146f00000,0x0000000146f00000,0x0000000151bb0000)
  from space 6080K, 99% used [0x0000000154450000,0x0000000154a3cf80,0x0000000154a40000)
  to   space 7744K, 0% used [0x0000000154a40000,0x0000000154a40000,0x00000001551d0000)
 ParOldGen       total 52224K, used 33419K [0x0000000113f00000, 0x0000000117200000, 0x0000000146f00000)
  object space 52224K, 63% used [0x0000000113f00000,0x0000000115fa2d98,0x0000000117200000)
 PSPermGen       total 57920K, used 57894K [0x000000010ed00000, 0x0000000112590000, 0x0000000113f00000)
  object space 57920K, 99% used [0x000000010ed00000,0x0000000112589830,0x0000000112590000)
}
Event: 25.989 GC heap before
{Heap before GC invocations=18 (full 0):
 PSYoungGen      total 182912K, used 182899K [0x0000000146f00000, 0x00000001551d0000, 0x0000000160700000)
  eden space 176832K, 100% used [0x0000000146f00000,0x0000000151bb0000,0x0000000151bb0000)
  from space 6080K, 99% used [0x0000000154450000,0x0000000154a3cf80,0x0000000154a40000)
  to   space 7744K, 0% used [0x0000000154a40000,0x0000000154a40000,0x00000001551d0000)
 ParOldGen       total 52224K, used 33419K [0x0000000113f00000, 0x0000000117200000, 0x0000000146f00000)
  object space 52224K, 63% used [0x0000000113f00000,0x0000000115fa2d98,0x0000000117200000)
 PSPermGen       total 61952K, used 61795K [0x000000010ed00000, 0x0000000112980000, 0x0000000113f00000)
  object space 61952K, 99% used [0x000000010ed00000,0x0000000112958cb0,0x0000000112980000)
Event: 25.997 GC heap after
Heap after GC invocations=18 (full 0):
 PSYoungGen      total 176640K, used 7713K [0x0000000146f00000, 0x00000001551d0000, 0x0000000160700000)
  eden space 168896K, 0% used [0x0000000146f00000,0x0000000146f00000,0x00000001513f0000)
  from space 7744K, 99% used [0x0000000154a40000,0x00000001551c84e0,0x00000001551d0000)
  to   space 11520K, 0% used [0x0000000153b50000,0x0000000153b50000,0x0000000154690000)
 ParOldGen       total 52224K, used 36833K [0x0000000113f00000, 0x0000000117200000, 0x0000000146f00000)
  object space 52224K, 70% used [0x0000000113f00000,0x00000001162f86d8,0x0000000117200000)
 PSPermGen       total 61952K, used 61795K [0x000000010ed00000, 0x0000000112980000, 0x0000000113f00000)
  object space 61952K, 99% used [0x000000010ed00000,0x0000000112958cb0,0x0000000112980000)
}

Deoptimization events (10 events):
Event: 25.997 Thread 0x00007ffebd00b000 Uncommon trap -83 fr.pc 0x000000010bfa39e8
Event: 25.997 Thread 0x00007ffebd00b000 Uncommon trap -83 fr.pc 0x000000010be53538
Event: 26.004 Thread 0x00007ffebe000800 Uncommon trap -83 fr.pc 0x000000010c09fa08
Event: 26.299 Thread 0x00007ffebe000800 Uncommon trap -42 fr.pc 0x000000010c0b077c
Event: 26.300 Thread 0x00007ffebe000800 Uncommon trap -42 fr.pc 0x000000010c0b077c
Event: 26.713 Thread 0x00007ffebe000800 Uncommon trap -83 fr.pc 0x000000010bdbc860
Event: 26.850 Thread 0x00007ffebe000800 Uncommon trap -42 fr.pc 0x000000010c0d7ef4
Event: 26.856 Thread 0x00007ffebe000800 Uncommon trap -42 fr.pc 0x000000010c0d7ef4
Event: 26.859 Thread 0x00007ffebe000800 Uncommon trap -42 fr.pc 0x000000010c0d7ef4
Event: 26.863 Thread 0x00007ffebe000800 Uncommon trap -42 fr.pc 0x000000010c0d7ef4

Internal exceptions (10 events):
Event: 26.616 Thread 0x00007ffebe000800 Threw 0x000000014ac56570 at /HUDSON/workspace/jdk7u12-2-build-macosx-amd64-product/jdk7u12/hotspot/src/share/vm/prims/jvm.cpp:1171
Event: 26.619 Thread 0x00007ffebe000800 Threw 0x000000014ac74c98 at /HUDSON/workspace/jdk7u12-2-build-macosx-amd64-product/jdk7u12/hotspot/src/share/vm/prims/jvm.cpp:1171
Event: 26.619 Thread 0x00007ffebe000800 Threw 0x000000014ac85dd0 at /HUDSON/workspace/jdk7u12-2-build-macosx-amd64-product/jdk7u12/hotspot/src/share/vm/prims/jvm.cpp:1171
Event: 26.620 Thread 0x00007ffebe000800 Threw 0x000000014ac9e068 at /HUDSON/workspace/jdk7u12-2-build-macosx-amd64-product/jdk7u12/hotspot/src/share/vm/prims/jvm.cpp:1171
Event: 26.621 Thread 0x00007ffebe000800 Threw 0x000000014acb2e30 at /HUDSON/workspace/jdk7u12-2-build-macosx-amd64-product/jdk7u12/hotspot/src/share/vm/prims/jvm.cpp:1171
Event: 26.621 Thread 0x00007ffebe000800 Threw 0x000000014acc63c0 at /HUDSON/workspace/jdk7u12-2-build-macosx-amd64-product/jdk7u12/hotspot/src/share/vm/prims/jvm.cpp:1171
Event: 26.648 Thread 0x00007ffebe000800 Threw 0x000000014b2d0d70 at /HUDSON/workspace/jdk7u12-2-build-macosx-amd64-product/jdk7u12/hotspot/src/share/vm/prims/jvm.cpp:1171
Event: 26.648 Thread 0x00007ffebe000800 Threw 0x000000014b2d1098 at /HUDSON/workspace/jdk7u12-2-build-macosx-amd64-product/jdk7u12/hotspot/src/share/vm/prims/jvm.cpp:1171
Event: 26.981 Thread 0x00007ffebe000800 Threw 0x000000014f1555e8 at /HUDSON/workspace/jdk7u12-2-build-macosx-amd64-product/jdk7u12/hotspot/src/share/vm/prims/jvm.cpp:1171
Event: 26.981 Thread 0x00007ffebe000800 Threw 0x000000014f15f9f8 at /HUDSON/workspace/jdk7u12-2-build-macosx-amd64-product/jdk7u12/hotspot/src/share/vm/prims/jvm.cpp:1171

Events (10 events):
Event: 26.850 Thread 0x00007ffebe000800 DEOPT PACKING pc=0x000000010c0d7ef4 sp=0x000000010bb30ed0
Event: 26.850 Thread 0x00007ffebe000800 DEOPT UNPACKING pc=0x000000010bc62445 sp=0x000000010bb30ec8 mode 2
Event: 26.856 Thread 0x00007ffebe000800 DEOPT PACKING pc=0x000000010c0d7ef4 sp=0x000000010bb30ed0
Event: 26.856 Thread 0x00007ffebe000800 DEOPT UNPACKING pc=0x000000010bc62445 sp=0x000000010bb30ec8 mode 2
Event: 26.859 Thread 0x00007ffebe000800 DEOPT PACKING pc=0x000000010c0d7ef4 sp=0x000000010bb30ed0
Event: 26.859 Thread 0x00007ffebe000800 DEOPT UNPACKING pc=0x000000010bc62445 sp=0x000000010bb30ec8 mode 2
Event: 26.863 Thread 0x00007ffebe000800 DEOPT PACKING pc=0x000000010c0d7ef4 sp=0x000000010bb30ed0
Event: 26.863 Thread 0x00007ffebe000800 DEOPT UNPACKING pc=0x000000010bc62445 sp=0x000000010bb30ec8 mode 2
Event: 26.981 loading class 0x00007ffebc92c4b0
Event: 26.981 loading class 0x00007ffebc92c4b0 done


Dynamic libraries:
0x0000000001a58000 	/System/Library/Frameworks/Cocoa.framework/Versions/A/Cocoa
0x0000000001a58000 	/System/Library/Frameworks/Security.framework/Versions/A/Security
0x0000000001a58000 	/System/Library/Frameworks/ApplicationServices.framework/Versions/A/ApplicationServices
0x0000000001a58000 	/usr/lib/libz.1.dylib
0x0000000001a58000 	/usr/lib/libSystem.B.dylib
0x0000000001a58000 	/usr/lib/libobjc.A.dylib
0x0000000001a58000 	/System/Library/Frameworks/CoreFoundation.framework/Versions/A/CoreFoundation
0x0000000001a58000 	/System/Library/Frameworks/AppKit.framework/Versions/C/AppKit
0x0000000001a58000 	/System/Library/Frameworks/CoreData.framework/Versions/A/CoreData
0x0000000001a58000 	/System/Library/Frameworks/Foundation.framework/Versions/C/Foundation
0x0000000001a58000 	/System/Library/PrivateFrameworks/RemoteViewServices.framework/Versions/A/RemoteViewServices
0x0000000001a58000 	/System/Library/Frameworks/AudioToolbox.framework/Versions/A/AudioToolbox
0x0000000001a58000 	/System/Library/Frameworks/AudioUnit.framework/Versions/A/AudioUnit
0x0000000001a58000 	/System/Library/PrivateFrameworks/DataDetectorsCore.framework/Versions/A/DataDetectorsCore
0x0000000001a58000 	/System/Library/PrivateFrameworks/DesktopServicesPriv.framework/Versions/A/DesktopServicesPriv
0x0000000001a58000 	/System/Library/Frameworks/Carbon.framework/Versions/A/Frameworks/HIToolbox.framework/Versions/A/HIToolbox
0x0000000001a58000 	/System/Library/Frameworks/QuartzCore.framework/Versions/A/QuartzCore
0x0000000001a58000 	/System/Library/Frameworks/Carbon.framework/Versions/A/Frameworks/SpeechRecognition.framework/Versions/A/SpeechRecognition
0x0000000001a58000 	/usr/lib/libauto.dylib
0x0000000001a58000 	/usr/lib/libicucore.A.dylib
0x0000000001a58000 	/usr/lib/libxml2.2.dylib
0x0000000001a58000 	/System/Library/PrivateFrameworks/CoreUI.framework/Versions/A/CoreUI
0x0000000001a58000 	/System/Library/Frameworks/CoreAudio.framework/Versions/A/CoreAudio
0x0000000001a58000 	/System/Library/Frameworks/DiskArbitration.framework/Versions/A/DiskArbitration
0x0000000001a58000 	/usr/lib/liblangid.dylib
0x0000000001a58000 	/System/Library/PrivateFrameworks/MultitouchSupport.framework/Versions/A/MultitouchSupport
0x0000000001a58000 	/System/Library/Frameworks/IOKit.framework/Versions/A/IOKit
0x0000000001a58000 	/usr/lib/libDiagnosticMessagesClient.dylib
0x0000000001a58000 	/System/Library/Frameworks/CoreServices.framework/Versions/A/CoreServices
0x0000000001a58000 	/System/Library/PrivateFrameworks/PerformanceAnalysis.framework/Versions/A/PerformanceAnalysis
0x0000000001a58000 	/System/Library/PrivateFrameworks/GenerationalStorage.framework/Versions/A/GenerationalStorage
0x0000000001a58000 	/System/Library/Frameworks/OpenGL.framework/Versions/A/OpenGL
0x0000000001a58000 	/System/Library/Frameworks/CoreText.framework/Versions/A/CoreText
0x0000000001a58000 	/System/Library/Frameworks/ImageIO.framework/Versions/A/ImageIO
0x0000000001a58000 	/System/Library/PrivateFrameworks/Backup.framework/Versions/A/Backup
0x0000000001a58000 	/System/Library/Frameworks/CFNetwork.framework/Versions/A/CFNetwork
0x0000000001a58000 	/System/Library/Frameworks/SystemConfiguration.framework/Versions/A/SystemConfiguration
0x0000000001a58000 	/usr/lib/libCRFSuite.dylib
0x0000000001a58000 	/System/Library/PrivateFrameworks/TCC.framework/Versions/A/TCC
0x0000000001a58000 	/usr/lib/libc++.1.dylib
0x0000000001a58000 	/usr/lib/libc++abi.dylib
0x0000000001a58000 	/usr/lib/system/libcache.dylib
0x0000000001a58000 	/usr/lib/system/libcommonCrypto.dylib
0x0000000001a58000 	/usr/lib/system/libcompiler_rt.dylib
0x0000000001a58000 	/usr/lib/system/libcopyfile.dylib
0x0000000001a58000 	/usr/lib/system/libdispatch.dylib
0x0000000001a58000 	/usr/lib/system/libdnsinfo.dylib
0x0000000001a58000 	/usr/lib/system/libdyld.dylib
0x0000000001a58000 	/usr/lib/system/libkeymgr.dylib
0x0000000001a58000 	/usr/lib/system/liblaunch.dylib
0x0000000001a58000 	/usr/lib/system/libmacho.dylib
0x0000000001a58000 	/usr/lib/system/libquarantine.dylib
0x0000000001a58000 	/usr/lib/system/libremovefile.dylib
0x0000000001a58000 	/usr/lib/system/libsystem_blocks.dylib
0x0000000001a58000 	/usr/lib/system/libsystem_c.dylib
0x0000000001a58000 	/usr/lib/system/libsystem_dnssd.dylib
0x0000000001a58000 	/usr/lib/system/libsystem_info.dylib
0x0000000001a58000 	/usr/lib/system/libsystem_kernel.dylib
0x0000000001a58000 	/usr/lib/system/libsystem_m.dylib
0x0000000001a58000 	/usr/lib/system/libsystem_network.dylib
0x0000000001a58000 	/usr/lib/system/libsystem_notify.dylib
0x0000000001a58000 	/usr/lib/system/libsystem_sandbox.dylib
0x0000000001a58000 	/usr/lib/system/libunc.dylib
0x0000000001a58000 	/usr/lib/system/libunwind.dylib
0x0000000001a58000 	/usr/lib/system/libxpc.dylib
0x0000000001a58000 	/usr/lib/system/libcorecrypto.dylib
0x0000000001a58000 	/usr/lib/libstdc++.6.dylib
0x0000000001a58000 	/usr/lib/libbsm.0.dylib
0x0000000001a58000 	/usr/lib/libsqlite3.dylib
0x0000000001a58000 	/usr/lib/libxar.1.dylib
0x0000000001a58000 	/usr/lib/libpam.2.dylib
0x0000000001a58000 	/usr/lib/libOpenScriptingUtil.dylib
0x0000000001a58000 	/usr/lib/libbz2.1.0.dylib
0x0000000001a58000 	/System/Library/Frameworks/CoreServices.framework/Versions/A/Frameworks/CarbonCore.framework/Versions/A/CarbonCore
0x0000000001a58000 	/System/Library/Frameworks/CoreServices.framework/Versions/A/Frameworks/Metadata.framework/Versions/A/Metadata
0x0000000001a58000 	/System/Library/Frameworks/CoreServices.framework/Versions/A/Frameworks/OSServices.framework/Versions/A/OSServices
0x0000000001a58000 	/System/Library/Frameworks/CoreServices.framework/Versions/A/Frameworks/SearchKit.framework/Versions/A/SearchKit
0x0000000001a58000 	/System/Library/Frameworks/CoreServices.framework/Versions/A/Frameworks/AE.framework/Versions/A/AE
0x0000000001a58000 	/System/Library/Frameworks/CoreServices.framework/Versions/A/Frameworks/LaunchServices.framework/Versions/A/LaunchServices
0x0000000001a58000 	/System/Library/Frameworks/CoreServices.framework/Versions/A/Frameworks/DictionaryServices.framework/Versions/A/DictionaryServices
0x0000000001a58000 	/System/Library/Frameworks/NetFS.framework/Versions/A/NetFS
0x0000000001a58000 	/usr/lib/system/libkxld.dylib
0x0000000001a58000 	/System/Library/PrivateFrameworks/NetAuth.framework/Versions/A/NetAuth
0x0000000001a58000 	/System/Library/Frameworks/OpenDirectory.framework/Versions/A/Frameworks/CFOpenDirectory.framework/Versions/A/CFOpenDirectory
0x0000000001a58000 	/usr/lib/libxslt.1.dylib
0x0000000001a58000 	/System/Library/PrivateFrameworks/FamilyControls.framework/Versions/A/FamilyControls
0x0000000001a58000 	/System/Library/Frameworks/Carbon.framework/Versions/A/Frameworks/Ink.framework/Versions/A/Ink
0x0000000001a58000 	/System/Library/Frameworks/ApplicationServices.framework/Versions/A/Frameworks/CoreGraphics.framework/Versions/A/CoreGraphics
0x0000000001a58000 	/System/Library/Frameworks/ApplicationServices.framework/Versions/A/Frameworks/ATS.framework/Versions/A/ATS
0x0000000001a58000 	/System/Library/Frameworks/ApplicationServices.framework/Versions/A/Frameworks/ColorSync.framework/Versions/A/ColorSync
0x0000000001a58000 	/System/Library/Frameworks/ApplicationServices.framework/Versions/A/Frameworks/HIServices.framework/Versions/A/HIServices
0x0000000001a58000 	/System/Library/Frameworks/ApplicationServices.framework/Versions/A/Frameworks/LangAnalysis.framework/Versions/A/LangAnalysis
0x0000000001a58000 	/System/Library/Frameworks/ApplicationServices.framework/Versions/A/Frameworks/PrintCore.framework/Versions/A/PrintCore
0x0000000001a58000 	/System/Library/Frameworks/ApplicationServices.framework/Versions/A/Frameworks/QD.framework/Versions/A/QD
0x0000000001a58000 	/System/Library/Frameworks/ApplicationServices.framework/Versions/A/Frameworks/SpeechSynthesis.framework/Versions/A/SpeechSynthesis
0x0000000001a58000 	/System/Library/Frameworks/IOSurface.framework/Versions/A/IOSurface
0x0000000001a58000 	/System/Library/Frameworks/Accelerate.framework/Versions/A/Accelerate
0x0000000001a58000 	/System/Library/Frameworks/ApplicationServices.framework/Versions/A/Frameworks/ATS.framework/Versions/A/Resources/libFontParser.dylib
0x0000000001a58000 	/System/Library/Frameworks/ApplicationServices.framework/Versions/A/Frameworks/ATS.framework/Versions/A/Resources/libFontRegistry.dylib
0x0000000001a58000 	/System/Library/Frameworks/Accelerate.framework/Versions/A/Frameworks/vImage.framework/Versions/A/vImage
0x0000000001a58000 	/System/Library/Frameworks/Accelerate.framework/Versions/A/Frameworks/vecLib.framework/Versions/A/vecLib
0x0000000001a58000 	/System/Library/Frameworks/Accelerate.framework/Versions/A/Frameworks/vecLib.framework/Versions/A/libvDSP.dylib
0x0000000001a58000 	/System/Library/Frameworks/Accelerate.framework/Versions/A/Frameworks/vecLib.framework/Versions/A/libvMisc.dylib
0x0000000001a58000 	/System/Library/Frameworks/Accelerate.framework/Versions/A/Frameworks/vecLib.framework/Versions/A/libLAPACK.dylib
0x0000000001a58000 	/System/Library/Frameworks/Accelerate.framework/Versions/A/Frameworks/vecLib.framework/Versions/A/libBLAS.dylib
0x0000000001a58000 	/System/Library/Frameworks/ImageIO.framework/Versions/A/Resources/libJPEG.dylib
0x0000000001a58000 	/System/Library/Frameworks/ImageIO.framework/Versions/A/Resources/libTIFF.dylib
0x0000000001a58000 	/System/Library/Frameworks/ImageIO.framework/Versions/A/Resources/libPng.dylib
0x0000000001a58000 	/System/Library/Frameworks/ImageIO.framework/Versions/A/Resources/libGIF.dylib
0x0000000001a58000 	/System/Library/Frameworks/ImageIO.framework/Versions/A/Resources/libJP2.dylib
0x0000000001a58000 	/System/Library/Frameworks/ImageIO.framework/Versions/A/Resources/libRadiance.dylib
0x0000000001a58000 	/usr/lib/libcups.2.dylib
0x0000000001a58000 	/System/Library/Frameworks/Kerberos.framework/Versions/A/Kerberos
0x0000000001a58000 	/System/Library/Frameworks/GSS.framework/Versions/A/GSS
0x0000000001a58000 	/usr/lib/libresolv.9.dylib
0x0000000001a58000 	/usr/lib/libiconv.2.dylib
0x0000000001a58000 	/System/Library/PrivateFrameworks/Heimdal.framework/Versions/A/Heimdal
0x0000000001a58000 	/System/Library/PrivateFrameworks/TrustEvaluationAgent.framework/Versions/A/TrustEvaluationAgent
0x0000000001a58000 	/System/Library/Frameworks/OpenDirectory.framework/Versions/A/OpenDirectory
0x0000000001a58000 	/System/Library/PrivateFrameworks/CommonAuth.framework/Versions/A/CommonAuth
0x0000000001a58000 	/System/Library/PrivateFrameworks/Bom.framework/Versions/A/Bom
0x0000000001a58000 	/System/Library/Frameworks/CoreVideo.framework/Versions/A/CoreVideo
0x0000000001a58000 	/System/Library/Frameworks/QuartzCore.framework/Versions/A/Frameworks/CoreImage.framework/Versions/A/CoreImage
0x0000000001a58000 	/System/Library/Frameworks/QuartzCore.framework/Versions/A/Frameworks/ScalableUserInterface.framework/Versions/A/ScalableUserInterface
0x0000000001a58000 	/System/Library/Frameworks/OpenGL.framework/Versions/A/Libraries/libGLU.dylib
0x0000000001a58000 	/System/Library/Frameworks/OpenGL.framework/Versions/A/Libraries/libGFXShared.dylib
0x0000000001a58000 	/System/Library/Frameworks/OpenGL.framework/Versions/A/Libraries/libGL.dylib
0x0000000001a58000 	/System/Library/Frameworks/OpenGL.framework/Versions/A/Libraries/libGLImage.dylib
0x0000000001a58000 	/System/Library/Frameworks/OpenGL.framework/Versions/A/Libraries/libCVMSPluginSupport.dylib
0x0000000001a58000 	/System/Library/Frameworks/OpenGL.framework/Versions/A/Libraries/libCoreVMClient.dylib
0x0000000001a58000 	/System/Library/PrivateFrameworks/CrashReporterSupport.framework/Versions/A/CrashReporterSupport
0x0000000001a58000 	/System/Library/Frameworks/OpenCL.framework/Versions/A/OpenCL
0x0000000001a58000 	/System/Library/PrivateFrameworks/FaceCoreLight.framework/Versions/A/FaceCoreLight
0x0000000001a58000 	/System/Library/PrivateFrameworks/AppleFSCompression.framework/Versions/A/AppleFSCompression
0x0000000001a58000 	/System/Library/PrivateFrameworks/Ubiquity.framework/Versions/A/Ubiquity
0x0000000001a58000 	/System/Library/Frameworks/ServiceManagement.framework/Versions/A/ServiceManagement
0x0000000001a58000 	/System/Library/PrivateFrameworks/ChunkingLibrary.framework/Versions/A/ChunkingLibrary
0x0000000001a58000 	/System/Library/Frameworks/vecLib.framework/Versions/A/vecLib
0x0000000001a58000 	/System/Library/Frameworks/SecurityFoundation.framework/Versions/A/SecurityFoundation
0x0000000001a58000 	/System/Library/PrivateFrameworks/CommerceKit.framework/Versions/A/Frameworks/CommerceCore.framework/Versions/A/CommerceCore
0x0000000001a58000 	/System/Library/PrivateFrameworks/CoreSymbolication.framework/Versions/A/CoreSymbolication
0x0000000001a58000 	/System/Library/PrivateFrameworks/Symbolication.framework/Versions/A/Symbolication
0x0000000001a58000 	/System/Library/PrivateFrameworks/DebugSymbols.framework/Versions/A/DebugSymbols
0x000000010aea7000 	/Library/Java/JavaVirtualMachines/jdk1.7.0_12.jdk/Contents/Home/jre/lib/server/libjvm.dylib
0x000000010bb37000 	/Library/Java/JavaVirtualMachines/jdk1.7.0_12.jdk/Contents/Home/jre/lib/libverify.dylib
0x000000010bb44000 	/Library/Java/JavaVirtualMachines/jdk1.7.0_12.jdk/Contents/Home/jre/lib/libjava.dylib
0x000000010bb75000 	/Library/Java/JavaVirtualMachines/jdk1.7.0_12.jdk/Contents/Home/jre/lib/libinstrument.dylib
0x000000010bc20000 	/Library/Java/JavaVirtualMachines/jdk1.7.0_12.jdk/Contents/Home/jre/lib/libzip.dylib
0x000000016682f000 	/System/Library/Frameworks/JavaVM.framework/Frameworks/JavaRuntimeSupport.framework/JavaRuntimeSupport
0x0000000166847000 	/System/Library/Frameworks/JavaVM.framework/Versions/A/Frameworks/JavaNativeFoundation.framework/Versions/A/JavaNativeFoundation
0x000000016685c000 	/System/Library/Frameworks/JavaVM.framework/Versions/A/JavaVM
0x0000000001a58000 	/System/Library/Frameworks/Carbon.framework/Versions/A/Carbon
0x0000000166869000 	/System/Library/PrivateFrameworks/JavaLaunching.framework/Versions/A/JavaLaunching
0x0000000001a58000 	/System/Library/Frameworks/Carbon.framework/Versions/A/Frameworks/CommonPanels.framework/Versions/A/CommonPanels
0x0000000001a58000 	/System/Library/Frameworks/Carbon.framework/Versions/A/Frameworks/Help.framework/Versions/A/Help
0x0000000001a58000 	/System/Library/Frameworks/Carbon.framework/Versions/A/Frameworks/ImageCapture.framework/Versions/A/ImageCapture
0x0000000001a58000 	/System/Library/Frameworks/Carbon.framework/Versions/A/Frameworks/OpenScripting.framework/Versions/A/OpenScripting
0x0000000001a58000 	/System/Library/Frameworks/Carbon.framework/Versions/A/Frameworks/Print.framework/Versions/A/Print
0x0000000001a58000 	/System/Library/Frameworks/Carbon.framework/Versions/A/Frameworks/SecurityHI.framework/Versions/A/SecurityHI
0x0000000166f2c000 	/Library/Java/JavaVirtualMachines/jdk1.7.0_12.jdk/Contents/Home/jre/lib/libnet.dylib
0x0000000166f89000 	/Library/Java/JavaVirtualMachines/jdk1.7.0_12.jdk/Contents/Home/jre/lib/libnio.dylib
0x0000000166968000 	/Library/Java/JavaVirtualMachines/jdk1.7.0_12.jdk/Contents/Home/jre/lib/libmanagement.dylib

VM Arguments:
jvm_args: -javaagent:/Users/cabeer/.m2/repository/org/jacoco/org.jacoco.agent/0.6.2.201302030002/org.jacoco.agent-0.6.2.201302030002-runtime.jar=destfile=/Volumes/TempStorage/Projects/fcrepo4/fcrepo-kernel/target/jacoco.exec 
java_command: /Volumes/TempStorage/Projects/fcrepo4/fcrepo-kernel/target/surefire/surefirebooter1993820299263514678.jar /Volumes/TempStorage/Projects/fcrepo4/fcrepo-kernel/target/surefire/surefire8377746678208997690tmp /Volumes/TempStorage/Projects/fcrepo4/fcrepo-kernel/target/surefire/surefire_14742139598344682067tmp
Launcher Type: SUN_STANDARD

Environment Variables:
PATH=/Users/cabeer/.rbenv/shims:/Users/cabeer/.rbenv/bin:/Users/cabeer/bin:/usr/local/bin:/usr/bin:/bin:/usr/local/sbin:/usr/sbin:/sbin:/opt/X11/bin
SHELL=/bin/bash
DISPLAY=/tmp/launch-GSm0Td/org.macosforge.xquartz:0

Signal Handlers:
SIGSEGV: [libjvm.dylib+0x4ec6fb], sa_mask[0]=0xfffefeff, sa_flags=0x00000042
SIGBUS: [libjvm.dylib+0x4ec6fb], sa_mask[0]=0xfffefeff, sa_flags=0x00000042
SIGFPE: [libjvm.dylib+0x3e5f50], sa_mask[0]=0xfffefeff, sa_flags=0x00000042
SIGPIPE: [libjvm.dylib+0x3e5f50], sa_mask[0]=0xfffefeff, sa_flags=0x00000042
SIGXFSZ: [libjvm.dylib+0x3e5f50], sa_mask[0]=0xfffefeff, sa_flags=0x00000042
SIGILL: [libjvm.dylib+0x3e5f50], sa_mask[0]=0xfffefeff, sa_flags=0x00000042
SIGUSR1: SIG_DFL, sa_mask[0]=0x63807efb, sa_flags=0x00000000
SIGUSR2: [libjvm.dylib+0x3e5aec], sa_mask[0]=0x00000004, sa_flags=0x00000042
SIGHUP: [libjvm.dylib+0x3e3f63], sa_mask[0]=0xfffefeff, sa_flags=0x00000042
SIGINT: [libjvm.dylib+0x3e3f63], sa_mask[0]=0xfffefeff, sa_flags=0x00000042
SIGTERM: [libjvm.dylib+0x3e3f63], sa_mask[0]=0xfffefeff, sa_flags=0x00000042
SIGQUIT: [libjvm.dylib+0x3e3f63], sa_mask[0]=0xfffefeff, sa_flags=0x00000042


---------------  S Y S T E M  ---------------

OS:Bsduname:Darwin 12.3.0 Darwin Kernel Version 12.3.0: Sun Jan  6 22:37:10 PST 2013; root:xnu-2050.22.13~1/RELEASE_X86_64 x86_64
rlimit: STACK 8192k, CORE 0k, NPROC 709, NOFILE 10240, AS infinity
load average:3.66 3.48 3.17

CPU:total 8 (4 cores per cpu, 2 threads per core) family 6 model 42 stepping 7, cmov, cx8, fxsr, mmx, sse, sse2, sse3, ssse3, sse4.1, sse4.2, popcnt, avx, aes, ht, tsc, tscinvbit

Memory: 4k page, physical 5006104k(1251526k free)

/proc/meminfo:


vm_info: Java HotSpot(TM) 64-Bit Server VM (24.0-b28) for bsd-amd64 JRE (1.7.0_12-ea-b08), built on Jan  3 2013 02:13:57 by "java_re" with gcc 4.2.1 (Based on Apple Inc. build 5658) (LLVM build 2336.9.00)

time: Mon May 20 11:53:43 2013
elapsed time: 27 seconds

